<?xml version="1.0" encoding="UTF-8"?>
<testng-results skipped="0" failed="0" ignored="65" total="197" passed="132">
  <reporter-output>
  </reporter-output>
  <suite name="testMethod" duration-ms="2566367" started-at="2020-09-06T19:02:59Z" finished-at="2020-09-06T19:45:45Z">
    <groups>
    </groups>
    <test name="testMethod" duration-ms="2566367" started-at="2020-09-06T19:02:59Z" finished-at="2020-09-06T19:45:45Z">
      <class name="testMethod">
        <test-method status="PASS" name="testMethod" is-config="true" duration-ms="5" started-at="2020-09-06T19:28:40Z" finished-at="2020-09-06T19:28:40Z">
          <reporter-output>
          </reporter-output>
        </test-method>
        <test-method status="PASS" name="testMethod" is-config="true" duration-ms="23141" started-at="2020-09-06T19:28:40Z" depends-on-methods="methods" finished-at="2020-09-06T19:29:04Z">
          <reporter-output>
          </reporter-output>
        </test-method>
        <test-method status="PASS" name="testMethod" is-config="true" duration-ms="0" started-at="2020-09-06T19:29:04Z" finished-at="2020-09-06T19:29:04Z">
          <params>
            <param index="0">
              <value>
                <![CDATA[foo]]>
              </value>
            </param>
          </params>
          <reporter-output>
          </reporter-output>
        </test-method>
        <test-method status="PASS" name="testMethod" is-config="true" duration-ms="1" started-at="2020-09-06T19:29:04Z" finished-at="2020-09-06T19:29:04Z">
          <params>
            <param index="0">
              <value>
                <![CDATA[foo]]>
              </value>
            </param>
          </params>
          <reporter-output>
          </reporter-output>
        </test-method>
        <test-method status="PASS" name="testMethod" is-config="true" duration-ms="0" started-at="2020-09-06T19:29:04Z" finished-at="2020-09-06T19:29:04Z">
          <params>
            <param index="0">
              <value>
                <![CDATA[foo]]>
              </value>
            </param>
          </params>
          <reporter-output>
          </reporter-output>
        </test-method>
        <test-method status="PASS" name="testMethod" is-config="true" duration-ms="1" started-at="2020-09-06T19:29:04Z" finished-at="2020-09-06T19:29:04Z">
          <params>
            <param index="0">
              <value>
                <![CDATA[foo]]>
              </value>
            </param>
          </params>
          <reporter-output>
          </reporter-output>
        </test-method>
        <test-method status="PASS" name="testMethod" is-config="true" duration-ms="1" started-at="2020-09-06T19:29:04Z" finished-at="2020-09-06T19:29:04Z">
          <params>
            <param index="0">
              <value>
                <![CDATA[foo]]>
              </value>
            </param>
          </params>
          <reporter-output>
          </reporter-output>
        </test-method>
        <test-method status="PASS" name="testMethod" is-config="true" duration-ms="4595" started-at="2020-09-06T19:29:04Z" finished-at="2020-09-06T19:29:08Z">
          <params>
            <param index="0">
              <value>
                <![CDATA[foo]]>
              </value>
            </param>
            <param index="1">
              <value>
                <![CDATA[foo]]>
              </value>
            </param>
            <param index="2">
              <value>
                <![CDATA[foo]]>
              </value>
            </param>
            <param index="3">
              <value>
                <![CDATA[foo]]>
              </value>
            </param>
          </params>
          <reporter-output>
          </reporter-output>
        </test-method>
        <test-method status="PASS" name="testMethod" is-config="true" duration-ms="8" started-at="2020-09-06T19:29:08Z" finished-at="2020-09-06T19:29:08Z">
          <params>
            <param index="0">
              <value>
                <![CDATA[foo]]>
              </value>
            </param>
          </params>
          <reporter-output>
          </reporter-output>
        </test-method>
        <test-method status="PASS" name="testMethod" duration-ms="133716" started-at="2020-09-06T19:29:08Z" description="description" finished-at="2020-09-06T19:31:22Z">
          <reporter-output>
          </reporter-output>
        </test-method>
        <test-method status="PASS" name="testMethod" is-config="true" duration-ms="6" started-at="2020-09-06T19:31:22Z" finished-at="2020-09-06T19:31:22Z">
          <params>
            <param index="0">
              <value>
                <![CDATA[foo]]>
              </value>
            </param>
          </params>
          <reporter-output>
          </reporter-output>
        </test-method>
        <test-method status="PASS" name="testMethod" is-config="true" duration-ms="4" started-at="2020-09-06T19:31:22Z" finished-at="2020-09-06T19:31:22Z">
          <params>
            <param index="0">
              <value>
                <![CDATA[foo]]>
              </value>
            </param>
          </params>
          <reporter-output>
          </reporter-output>
        </test-method>
        <test-method status="PASS" name="testMethod" duration-ms="64" started-at="2020-09-06T19:31:22Z" description="description" depends-on-methods="methods" finished-at="2020-09-06T19:31:22Z">
          <reporter-output>
          </reporter-output>
        </test-method>
        <test-method status="PASS" name="testMethod" is-config="true" duration-ms="7" started-at="2020-09-06T19:31:22Z" finished-at="2020-09-06T19:31:22Z">
          <params>
            <param index="0">
              <value>
                <![CDATA[foo]]>
              </value>
            </param>
          </params>
          <reporter-output>
          </reporter-output>
        </test-method>
        <test-method status="PASS" name="testMethod" is-config="true" duration-ms="22" started-at="2020-09-06T19:31:22Z" finished-at="2020-09-06T19:31:22Z">
          <reporter-output>
          </reporter-output>
        </test-method>
        <test-method status="PASS" name="testMethod" is-config="true" duration-ms="4" started-at="2020-09-06T19:31:22Z" finished-at="2020-09-06T19:31:22Z">
          <reporter-output>
          </reporter-output>
        </test-method>
      </class>
      <class name="testMethod">
        <test-method status="PASS" name="testMethod" is-config="true" duration-ms="5" started-at="2020-09-06T19:37:52Z" finished-at="2020-09-06T19:37:52Z">
          <reporter-output>
          </reporter-output>
        </test-method>
        <test-method status="PASS" name="testMethod" is-config="true" duration-ms="23560" started-at="2020-09-06T19:37:52Z" depends-on-methods="methods" finished-at="2020-09-06T19:38:15Z">
          <reporter-output>
          </reporter-output>
        </test-method>
        <test-method status="PASS" name="testMethod" is-config="true" duration-ms="1" started-at="2020-09-06T19:38:15Z" finished-at="2020-09-06T19:38:15Z">
          <params>
            <param index="0">
              <value>
                <![CDATA[foo]]>
              </value>
            </param>
          </params>
          <reporter-output>
          </reporter-output>
        </test-method>
        <test-method status="PASS" name="testMethod" is-config="true" duration-ms="0" started-at="2020-09-06T19:38:15Z" finished-at="2020-09-06T19:38:15Z">
          <params>
            <param index="0">
              <value>
                <![CDATA[foo]]>
              </value>
            </param>
          </params>
          <reporter-output>
          </reporter-output>
        </test-method>
        <test-method status="PASS" name="testMethod" is-config="true" duration-ms="0" started-at="2020-09-06T19:38:15Z" finished-at="2020-09-06T19:38:15Z">
          <params>
            <param index="0">
              <value>
                <![CDATA[foo]]>
              </value>
            </param>
          </params>
          <reporter-output>
          </reporter-output>
        </test-method>
        <test-method status="PASS" name="testMethod" is-config="true" duration-ms="1" started-at="2020-09-06T19:38:15Z" finished-at="2020-09-06T19:38:15Z">
          <params>
            <param index="0">
              <value>
                <![CDATA[foo]]>
              </value>
            </param>
          </params>
          <reporter-output>
          </reporter-output>
        </test-method>
        <test-method status="PASS" name="testMethod" is-config="true" duration-ms="1" started-at="2020-09-06T19:38:15Z" finished-at="2020-09-06T19:38:15Z">
          <params>
            <param index="0">
              <value>
                <![CDATA[foo]]>
              </value>
            </param>
          </params>
          <reporter-output>
          </reporter-output>
        </test-method>
        <test-method status="PASS" name="testMethod" is-config="true" duration-ms="5031" started-at="2020-09-06T19:38:15Z" finished-at="2020-09-06T19:38:20Z">
          <params>
            <param index="0">
              <value>
                <![CDATA[foo]]>
              </value>
            </param>
            <param index="1">
              <value>
                <![CDATA[foo]]>
              </value>
            </param>
            <param index="2">
              <value>
                <![CDATA[foo]]>
              </value>
            </param>
            <param index="3">
              <value>
                <![CDATA[foo]]>
              </value>
            </param>
          </params>
          <reporter-output>
          </reporter-output>
        </test-method>
        <test-method status="PASS" name="testMethod" is-config="true" duration-ms="9" started-at="2020-09-06T19:38:20Z" finished-at="2020-09-06T19:38:20Z">
          <params>
            <param index="0">
              <value>
                <![CDATA[foo]]>
              </value>
            </param>
          </params>
          <reporter-output>
          </reporter-output>
        </test-method>
        <test-method status="PASS" name="testMethod" duration-ms="129500" started-at="2020-09-06T19:38:20Z" description="description" finished-at="2020-09-06T19:40:30Z">
          <reporter-output>
          </reporter-output>
        </test-method>
        <test-method status="PASS" name="testMethod" is-config="true" duration-ms="7" started-at="2020-09-06T19:40:30Z" finished-at="2020-09-06T19:40:30Z">
          <params>
            <param index="0">
              <value>
                <![CDATA[foo]]>
              </value>
            </param>
          </params>
          <reporter-output>
          </reporter-output>
        </test-method>
        <test-method status="PASS" name="testMethod" is-config="true" duration-ms="5" started-at="2020-09-06T19:40:30Z" finished-at="2020-09-06T19:40:30Z">
          <params>
            <param index="0">
              <value>
                <![CDATA[foo]]>
              </value>
            </param>
          </params>
          <reporter-output>
          </reporter-output>
        </test-method>
        <test-method status="PASS" name="testMethod" duration-ms="164842" started-at="2020-09-06T19:40:30Z" description="description" depends-on-methods="methods" finished-at="2020-09-06T19:43:15Z">
          <reporter-output>
          </reporter-output>
        </test-method>
        <test-method status="PASS" name="testMethod" is-config="true" duration-ms="5" started-at="2020-09-06T19:43:15Z" finished-at="2020-09-06T19:43:15Z">
          <params>
            <param index="0">
              <value>
                <![CDATA[foo]]>
              </value>
            </param>
          </params>
          <reporter-output>
          </reporter-output>
        </test-method>
        <test-method status="PASS" name="testMethod" is-config="true" duration-ms="10" started-at="2020-09-06T19:43:15Z" finished-at="2020-09-06T19:43:15Z">
          <reporter-output>
          </reporter-output>
        </test-method>
        <test-method status="PASS" name="testMethod" is-config="true" duration-ms="3" started-at="2020-09-06T19:43:15Z" finished-at="2020-09-06T19:43:15Z">
          <reporter-output>
          </reporter-output>
        </test-method>
      </class>
      <class name="testMethod">
        <test-method status="PASS" name="testMethod" is-config="true" duration-ms="4" started-at="2020-09-06T19:43:15Z" finished-at="2020-09-06T19:43:15Z">
          <reporter-output>
          </reporter-output>
        </test-method>
        <test-method status="PASS" name="testMethod" is-config="true" duration-ms="23474" started-at="2020-09-06T19:43:15Z" depends-on-methods="methods" finished-at="2020-09-06T19:43:38Z">
          <reporter-output>
          </reporter-output>
        </test-method>
        <test-method status="PASS" name="testMethod" is-config="true" duration-ms="0" started-at="2020-09-06T19:43:38Z" finished-at="2020-09-06T19:43:38Z">
          <params>
            <param index="0">
              <value>
                <![CDATA[foo]]>
              </value>
            </param>
          </params>
          <reporter-output>
          </reporter-output>
        </test-method>
        <test-method status="PASS" name="testMethod" is-config="true" duration-ms="1" started-at="2020-09-06T19:43:38Z" finished-at="2020-09-06T19:43:38Z">
          <params>
            <param index="0">
              <value>
                <![CDATA[foo]]>
              </value>
            </param>
          </params>
          <reporter-output>
          </reporter-output>
        </test-method>
        <test-method status="PASS" name="testMethod" is-config="true" duration-ms="1" started-at="2020-09-06T19:43:38Z" finished-at="2020-09-06T19:43:38Z">
          <params>
            <param index="0">
              <value>
                <![CDATA[foo]]>
              </value>
            </param>
          </params>
          <reporter-output>
          </reporter-output>
        </test-method>
        <test-method status="PASS" name="testMethod" is-config="true" duration-ms="0" started-at="2020-09-06T19:43:38Z" finished-at="2020-09-06T19:43:38Z">
          <params>
            <param index="0">
              <value>
                <![CDATA[foo]]>
              </value>
            </param>
          </params>
          <reporter-output>
          </reporter-output>
        </test-method>
        <test-method status="PASS" name="testMethod" is-config="true" duration-ms="1" started-at="2020-09-06T19:43:38Z" finished-at="2020-09-06T19:43:38Z">
          <params>
            <param index="0">
              <value>
                <![CDATA[foo]]>
              </value>
            </param>
          </params>
          <reporter-output>
          </reporter-output>
        </test-method>
        <test-method status="PASS" name="testMethod" is-config="true" duration-ms="5097" started-at="2020-09-06T19:43:38Z" finished-at="2020-09-06T19:43:43Z">
          <params>
            <param index="0">
              <value>
                <![CDATA[foo]]>
              </value>
            </param>
            <param index="1">
              <value>
                <![CDATA[foo]]>
              </value>
            </param>
            <param index="2">
              <value>
                <![CDATA[foo]]>
              </value>
            </param>
            <param index="3">
              <value>
                <![CDATA[foo]]>
              </value>
            </param>
          </params>
          <reporter-output>
          </reporter-output>
        </test-method>
        <test-method status="PASS" name="testMethod" is-config="true" duration-ms="8" started-at="2020-09-06T19:43:43Z" finished-at="2020-09-06T19:43:43Z">
          <params>
            <param index="0">
              <value>
                <![CDATA[foo]]>
              </value>
            </param>
          </params>
          <reporter-output>
          </reporter-output>
        </test-method>
        <test-method status="PASS" name="testMethod" duration-ms="121487" started-at="2020-09-06T19:43:43Z" description="description" finished-at="2020-09-06T19:45:45Z">
          <reporter-output>
          </reporter-output>
        </test-method>
        <test-method status="PASS" name="testMethod" is-config="true" duration-ms="10" started-at="2020-09-06T19:45:45Z" finished-at="2020-09-06T19:45:45Z">
          <params>
            <param index="0">
              <value>
                <![CDATA[foo]]>
              </value>
            </param>
          </params>
          <reporter-output>
          </reporter-output>
        </test-method>
        <test-method status="PASS" name="testMethod" is-config="true" duration-ms="20" started-at="2020-09-06T19:45:45Z" finished-at="2020-09-06T19:45:45Z">
          <reporter-output>
          </reporter-output>
        </test-method>
        <test-method status="PASS" name="testMethod" is-config="true" duration-ms="11" started-at="2020-09-06T19:45:45Z" finished-at="2020-09-06T19:45:45Z">
          <reporter-output>
          </reporter-output>
        </test-method>
      </class>
      <class name="testMethod">
        <test-method status="PASS" name="testMethod" is-config="true" duration-ms="4" started-at="2020-09-06T19:07:29Z" finished-at="2020-09-06T19:07:29Z">
          <reporter-output>
          </reporter-output>
        </test-method>
        <test-method status="PASS" name="testMethod" is-config="true" duration-ms="23433" started-at="2020-09-06T19:07:29Z" depends-on-methods="methods" finished-at="2020-09-06T19:07:52Z">
          <reporter-output>
          </reporter-output>
        </test-method>
        <test-method status="PASS" name="testMethod" is-config="true" duration-ms="1" started-at="2020-09-06T19:07:52Z" finished-at="2020-09-06T19:07:52Z">
          <params>
            <param index="0">
              <value>
                <![CDATA[foo]]>
              </value>
            </param>
          </params>
          <reporter-output>
          </reporter-output>
        </test-method>
        <test-method status="PASS" name="testMethod" is-config="true" duration-ms="0" started-at="2020-09-06T19:07:52Z" finished-at="2020-09-06T19:07:52Z">
          <params>
            <param index="0">
              <value>
                <![CDATA[foo]]>
              </value>
            </param>
          </params>
          <reporter-output>
          </reporter-output>
        </test-method>
        <test-method status="PASS" name="testMethod" is-config="true" duration-ms="1" started-at="2020-09-06T19:07:52Z" finished-at="2020-09-06T19:07:52Z">
          <params>
            <param index="0">
              <value>
                <![CDATA[foo]]>
              </value>
            </param>
          </params>
          <reporter-output>
          </reporter-output>
        </test-method>
        <test-method status="PASS" name="testMethod" is-config="true" duration-ms="0" started-at="2020-09-06T19:07:52Z" finished-at="2020-09-06T19:07:52Z">
          <params>
            <param index="0">
              <value>
                <![CDATA[foo]]>
              </value>
            </param>
          </params>
          <reporter-output>
          </reporter-output>
        </test-method>
        <test-method status="PASS" name="testMethod" is-config="true" duration-ms="1" started-at="2020-09-06T19:07:52Z" finished-at="2020-09-06T19:07:52Z">
          <params>
            <param index="0">
              <value>
                <![CDATA[foo]]>
              </value>
            </param>
          </params>
          <reporter-output>
          </reporter-output>
        </test-method>
        <test-method status="PASS" name="testMethod" is-config="true" duration-ms="4774" started-at="2020-09-06T19:07:52Z" finished-at="2020-09-06T19:07:57Z">
          <params>
            <param index="0">
              <value>
                <![CDATA[foo]]>
              </value>
            </param>
            <param index="1">
              <value>
                <![CDATA[foo]]>
              </value>
            </param>
            <param index="2">
              <value>
                <![CDATA[foo]]>
              </value>
            </param>
            <param index="3">
              <value>
                <![CDATA[foo]]>
              </value>
            </param>
          </params>
          <reporter-output>
          </reporter-output>
        </test-method>
        <test-method status="PASS" name="testMethod" is-config="true" duration-ms="5" started-at="2020-09-06T19:07:57Z" finished-at="2020-09-06T19:07:57Z">
          <params>
            <param index="0">
              <value>
                <![CDATA[foo]]>
              </value>
            </param>
          </params>
          <reporter-output>
          </reporter-output>
        </test-method>
        <test-method status="PASS" name="testMethod" duration-ms="78" started-at="2020-09-06T19:07:57Z" description="description" finished-at="2020-09-06T19:07:57Z">
          <reporter-output>
          </reporter-output>
        </test-method>
        <test-method status="PASS" name="testMethod" is-config="true" duration-ms="4" started-at="2020-09-06T19:07:57Z" finished-at="2020-09-06T19:07:57Z">
          <params>
            <param index="0">
              <value>
                <![CDATA[foo]]>
              </value>
            </param>
          </params>
          <reporter-output>
          </reporter-output>
        </test-method>
        <test-method status="PASS" name="testMethod" is-config="true" duration-ms="5" started-at="2020-09-06T19:07:57Z" finished-at="2020-09-06T19:07:57Z">
          <params>
            <param index="0">
              <value>
                <![CDATA[foo]]>
              </value>
            </param>
          </params>
          <reporter-output>
          </reporter-output>
        </test-method>
        <test-method status="PASS" name="testMethod" duration-ms="32" started-at="2020-09-06T19:07:57Z" description="description" finished-at="2020-09-06T19:07:57Z">
          <reporter-output>
          </reporter-output>
        </test-method>
        <test-method status="PASS" name="testMethod" is-config="true" duration-ms="4" started-at="2020-09-06T19:07:57Z" finished-at="2020-09-06T19:07:57Z">
          <params>
            <param index="0">
              <value>
                <![CDATA[foo]]>
              </value>
            </param>
          </params>
          <reporter-output>
          </reporter-output>
        </test-method>
        <test-method status="PASS" name="testMethod" is-config="true" duration-ms="56" started-at="2020-09-06T19:07:57Z" finished-at="2020-09-06T19:07:57Z">
          <params>
            <param index="0">
              <value>
                <![CDATA[foo]]>
              </value>
            </param>
          </params>
          <reporter-output>
          </reporter-output>
        </test-method>
        <test-method status="PASS" name="testMethod" duration-ms="27" started-at="2020-09-06T19:07:57Z" description="description" finished-at="2020-09-06T19:07:57Z">
          <reporter-output>
          </reporter-output>
        </test-method>
        <test-method status="PASS" name="testMethod" is-config="true" duration-ms="4" started-at="2020-09-06T19:07:57Z" finished-at="2020-09-06T19:07:57Z">
          <params>
            <param index="0">
              <value>
                <![CDATA[foo]]>
              </value>
            </param>
          </params>
          <reporter-output>
          </reporter-output>
        </test-method>
        <test-method status="PASS" name="testMethod" is-config="true" duration-ms="4" started-at="2020-09-06T19:07:57Z" finished-at="2020-09-06T19:07:57Z">
          <params>
            <param index="0">
              <value>
                <![CDATA[foo]]>
              </value>
            </param>
          </params>
          <reporter-output>
          </reporter-output>
        </test-method>
        <test-method status="PASS" name="testMethod" duration-ms="28" started-at="2020-09-06T19:07:57Z" description="description" finished-at="2020-09-06T19:07:57Z">
          <reporter-output>
          </reporter-output>
        </test-method>
        <test-method status="PASS" name="testMethod" is-config="true" duration-ms="57" started-at="2020-09-06T19:07:57Z" finished-at="2020-09-06T19:07:57Z">
          <params>
            <param index="0">
              <value>
                <![CDATA[foo]]>
              </value>
            </param>
          </params>
          <reporter-output>
          </reporter-output>
        </test-method>
        <test-method status="PASS" name="testMethod" is-config="true" duration-ms="4" started-at="2020-09-06T19:07:57Z" finished-at="2020-09-06T19:07:57Z">
          <params>
            <param index="0">
              <value>
                <![CDATA[foo]]>
              </value>
            </param>
          </params>
          <reporter-output>
          </reporter-output>
        </test-method>
        <test-method status="PASS" name="testMethod" duration-ms="25" started-at="2020-09-06T19:07:57Z" description="description" finished-at="2020-09-06T19:07:57Z">
          <reporter-output>
          </reporter-output>
        </test-method>
        <test-method status="PASS" name="testMethod" is-config="true" duration-ms="5" started-at="2020-09-06T19:07:57Z" finished-at="2020-09-06T19:07:57Z">
          <params>
            <param index="0">
              <value>
                <![CDATA[foo]]>
              </value>
            </param>
          </params>
          <reporter-output>
          </reporter-output>
        </test-method>
        <test-method status="PASS" name="testMethod" is-config="true" duration-ms="4" started-at="2020-09-06T19:07:57Z" finished-at="2020-09-06T19:07:57Z">
          <params>
            <param index="0">
              <value>
                <![CDATA[foo]]>
              </value>
            </param>
          </params>
          <reporter-output>
          </reporter-output>
        </test-method>
        <test-method status="PASS" name="testMethod" duration-ms="84" started-at="2020-09-06T19:07:57Z" description="description" finished-at="2020-09-06T19:07:57Z">
          <reporter-output>
          </reporter-output>
        </test-method>
        <test-method status="PASS" name="testMethod" is-config="true" duration-ms="6" started-at="2020-09-06T19:07:57Z" finished-at="2020-09-06T19:07:57Z">
          <params>
            <param index="0">
              <value>
                <![CDATA[foo]]>
              </value>
            </param>
          </params>
          <reporter-output>
          </reporter-output>
        </test-method>
        <test-method status="PASS" name="testMethod" is-config="true" duration-ms="3" started-at="2020-09-06T19:07:57Z" finished-at="2020-09-06T19:07:57Z">
          <params>
            <param index="0">
              <value>
                <![CDATA[foo]]>
              </value>
            </param>
          </params>
          <reporter-output>
          </reporter-output>
        </test-method>
        <test-method status="PASS" name="testMethod" duration-ms="25" started-at="2020-09-06T19:07:57Z" description="description" finished-at="2020-09-06T19:07:57Z">
          <reporter-output>
          </reporter-output>
        </test-method>
        <test-method status="PASS" name="testMethod" is-config="true" duration-ms="6" started-at="2020-09-06T19:07:57Z" finished-at="2020-09-06T19:07:57Z">
          <params>
            <param index="0">
              <value>
                <![CDATA[foo]]>
              </value>
            </param>
          </params>
          <reporter-output>
          </reporter-output>
        </test-method>
        <test-method status="PASS" name="testMethod" is-config="true" duration-ms="57" started-at="2020-09-06T19:07:57Z" finished-at="2020-09-06T19:07:57Z">
          <params>
            <param index="0">
              <value>
                <![CDATA[foo]]>
              </value>
            </param>
          </params>
          <reporter-output>
          </reporter-output>
        </test-method>
        <test-method status="PASS" name="testMethod" duration-ms="27" started-at="2020-09-06T19:07:57Z" description="description" finished-at="2020-09-06T19:07:57Z">
          <reporter-output>
          </reporter-output>
        </test-method>
        <test-method status="PASS" name="testMethod" is-config="true" duration-ms="7" started-at="2020-09-06T19:07:57Z" finished-at="2020-09-06T19:07:57Z">
          <params>
            <param index="0">
              <value>
                <![CDATA[foo]]>
              </value>
            </param>
          </params>
          <reporter-output>
          </reporter-output>
        </test-method>
        <test-method status="PASS" name="testMethod" is-config="true" duration-ms="15" started-at="2020-09-06T19:07:57Z" finished-at="2020-09-06T19:07:57Z">
          <reporter-output>
          </reporter-output>
        </test-method>
        <test-method status="PASS" name="testMethod" is-config="true" duration-ms="61" started-at="2020-09-06T19:07:57Z" finished-at="2020-09-06T19:07:57Z">
          <reporter-output>
          </reporter-output>
        </test-method>
      </class>
      <class name="testMethod">
        <test-method status="PASS" name="testMethod" is-config="true" duration-ms="5" started-at="2020-09-06T19:34:07Z" finished-at="2020-09-06T19:34:07Z">
          <reporter-output>
          </reporter-output>
        </test-method>
        <test-method status="PASS" name="testMethod" is-config="true" duration-ms="24149" started-at="2020-09-06T19:34:07Z" depends-on-methods="methods" finished-at="2020-09-06T19:34:31Z">
          <reporter-output>
          </reporter-output>
        </test-method>
        <test-method status="PASS" name="testMethod" is-config="true" duration-ms="0" started-at="2020-09-06T19:34:31Z" finished-at="2020-09-06T19:34:31Z">
          <params>
            <param index="0">
              <value>
                <![CDATA[foo]]>
              </value>
            </param>
          </params>
          <reporter-output>
          </reporter-output>
        </test-method>
        <test-method status="PASS" name="testMethod" is-config="true" duration-ms="1" started-at="2020-09-06T19:34:31Z" finished-at="2020-09-06T19:34:31Z">
          <params>
            <param index="0">
              <value>
                <![CDATA[foo]]>
              </value>
            </param>
          </params>
          <reporter-output>
          </reporter-output>
        </test-method>
        <test-method status="PASS" name="testMethod" is-config="true" duration-ms="1" started-at="2020-09-06T19:34:31Z" finished-at="2020-09-06T19:34:31Z">
          <params>
            <param index="0">
              <value>
                <![CDATA[foo]]>
              </value>
            </param>
          </params>
          <reporter-output>
          </reporter-output>
        </test-method>
        <test-method status="PASS" name="testMethod" is-config="true" duration-ms="0" started-at="2020-09-06T19:34:31Z" finished-at="2020-09-06T19:34:31Z">
          <params>
            <param index="0">
              <value>
                <![CDATA[foo]]>
              </value>
            </param>
          </params>
          <reporter-output>
          </reporter-output>
        </test-method>
        <test-method status="PASS" name="testMethod" is-config="true" duration-ms="1" started-at="2020-09-06T19:34:31Z" finished-at="2020-09-06T19:34:31Z">
          <params>
            <param index="0">
              <value>
                <![CDATA[foo]]>
              </value>
            </param>
          </params>
          <reporter-output>
          </reporter-output>
        </test-method>
        <test-method status="PASS" name="testMethod" is-config="true" duration-ms="4653" started-at="2020-09-06T19:34:31Z" finished-at="2020-09-06T19:34:36Z">
          <params>
            <param index="0">
              <value>
                <![CDATA[foo]]>
              </value>
            </param>
            <param index="1">
              <value>
                <![CDATA[foo]]>
              </value>
            </param>
            <param index="2">
              <value>
                <![CDATA[foo]]>
              </value>
            </param>
            <param index="3">
              <value>
                <![CDATA[foo]]>
              </value>
            </param>
          </params>
          <reporter-output>
          </reporter-output>
        </test-method>
        <test-method status="PASS" name="testMethod" is-config="true" duration-ms="7" started-at="2020-09-06T19:34:36Z" finished-at="2020-09-06T19:34:36Z">
          <params>
            <param index="0">
              <value>
                <![CDATA[foo]]>
              </value>
            </param>
          </params>
          <reporter-output>
          </reporter-output>
        </test-method>
        <test-method status="PASS" name="testMethod" duration-ms="34626" started-at="2020-09-06T19:34:36Z" description="description" finished-at="2020-09-06T19:35:10Z">
          <reporter-output>
          </reporter-output>
        </test-method>
        <test-method status="PASS" name="testMethod" is-config="true" duration-ms="3" started-at="2020-09-06T19:35:10Z" finished-at="2020-09-06T19:35:10Z">
          <params>
            <param index="0">
              <value>
                <![CDATA[foo]]>
              </value>
            </param>
          </params>
          <reporter-output>
          </reporter-output>
        </test-method>
        <test-method status="PASS" name="testMethod" is-config="true" duration-ms="4" started-at="2020-09-06T19:35:10Z" finished-at="2020-09-06T19:35:10Z">
          <params>
            <param index="0">
              <value>
                <![CDATA[foo]]>
              </value>
            </param>
          </params>
          <reporter-output>
          </reporter-output>
        </test-method>
        <test-method status="PASS" name="testMethod" duration-ms="15388" started-at="2020-09-06T19:35:10Z" description="description" depends-on-methods="methods" finished-at="2020-09-06T19:35:26Z">
          <reporter-output>
          </reporter-output>
        </test-method>
        <test-method status="PASS" name="testMethod" is-config="true" duration-ms="5" started-at="2020-09-06T19:35:26Z" finished-at="2020-09-06T19:35:26Z">
          <params>
            <param index="0">
              <value>
                <![CDATA[foo]]>
              </value>
            </param>
          </params>
          <reporter-output>
          </reporter-output>
        </test-method>
        <test-method status="PASS" name="testMethod" is-config="true" duration-ms="4" started-at="2020-09-06T19:35:26Z" finished-at="2020-09-06T19:35:26Z">
          <params>
            <param index="0">
              <value>
                <![CDATA[foo]]>
              </value>
            </param>
          </params>
          <reporter-output>
          </reporter-output>
        </test-method>
        <test-method status="PASS" name="testMethod" duration-ms="52" started-at="2020-09-06T19:35:26Z" description="description" depends-on-methods="methods" finished-at="2020-09-06T19:35:26Z">
          <reporter-output>
          </reporter-output>
        </test-method>
        <test-method status="PASS" name="testMethod" is-config="true" duration-ms="8" started-at="2020-09-06T19:35:26Z" finished-at="2020-09-06T19:35:26Z">
          <params>
            <param index="0">
              <value>
                <![CDATA[foo]]>
              </value>
            </param>
          </params>
          <reporter-output>
          </reporter-output>
        </test-method>
        <test-method status="PASS" name="testMethod" is-config="true" duration-ms="8" started-at="2020-09-06T19:35:26Z" finished-at="2020-09-06T19:35:26Z">
          <params>
            <param index="0">
              <value>
                <![CDATA[foo]]>
              </value>
            </param>
          </params>
          <reporter-output>
          </reporter-output>
        </test-method>
        <test-method status="PASS" name="testMethod" duration-ms="35" started-at="2020-09-06T19:35:26Z" description="description" depends-on-methods="methods" finished-at="2020-09-06T19:35:26Z">
          <reporter-output>
          </reporter-output>
        </test-method>
        <test-method status="PASS" name="testMethod" is-config="true" duration-ms="7" started-at="2020-09-06T19:35:26Z" finished-at="2020-09-06T19:35:26Z">
          <params>
            <param index="0">
              <value>
                <![CDATA[foo]]>
              </value>
            </param>
          </params>
          <reporter-output>
          </reporter-output>
        </test-method>
        <test-method status="PASS" name="testMethod" is-config="true" duration-ms="8" started-at="2020-09-06T19:35:26Z" finished-at="2020-09-06T19:35:26Z">
          <params>
            <param index="0">
              <value>
                <![CDATA[foo]]>
              </value>
            </param>
          </params>
          <reporter-output>
          </reporter-output>
        </test-method>
        <test-method status="PASS" name="testMethod" duration-ms="36" started-at="2020-09-06T19:35:26Z" description="description" depends-on-methods="methods" finished-at="2020-09-06T19:35:26Z">
          <reporter-output>
          </reporter-output>
        </test-method>
        <test-method status="PASS" name="testMethod" is-config="true" duration-ms="6" started-at="2020-09-06T19:35:26Z" finished-at="2020-09-06T19:35:26Z">
          <params>
            <param index="0">
              <value>
                <![CDATA[foo]]>
              </value>
            </param>
          </params>
          <reporter-output>
          </reporter-output>
        </test-method>
        <test-method status="PASS" name="testMethod" is-config="true" duration-ms="4" started-at="2020-09-06T19:35:26Z" finished-at="2020-09-06T19:35:26Z">
          <params>
            <param index="0">
              <value>
                <![CDATA[foo]]>
              </value>
            </param>
          </params>
          <reporter-output>
          </reporter-output>
        </test-method>
        <test-method status="PASS" name="testMethod" duration-ms="30" started-at="2020-09-06T19:35:26Z" description="description" depends-on-methods="methods" finished-at="2020-09-06T19:35:26Z">
          <reporter-output>
          </reporter-output>
        </test-method>
        <test-method status="PASS" name="testMethod" is-config="true" duration-ms="4" started-at="2020-09-06T19:35:26Z" finished-at="2020-09-06T19:35:26Z">
          <params>
            <param index="0">
              <value>
                <![CDATA[foo]]>
              </value>
            </param>
          </params>
          <reporter-output>
          </reporter-output>
        </test-method>
        <test-method status="PASS" name="testMethod" is-config="true" duration-ms="4" started-at="2020-09-06T19:35:26Z" finished-at="2020-09-06T19:35:26Z">
          <params>
            <param index="0">
              <value>
                <![CDATA[foo]]>
              </value>
            </param>
          </params>
          <reporter-output>
          </reporter-output>
        </test-method>
        <test-method status="PASS" name="testMethod" duration-ms="31" started-at="2020-09-06T19:35:26Z" description="description" depends-on-methods="methods" finished-at="2020-09-06T19:35:26Z">
          <reporter-output>
          </reporter-output>
        </test-method>
        <test-method status="PASS" name="testMethod" is-config="true" duration-ms="7" started-at="2020-09-06T19:35:26Z" finished-at="2020-09-06T19:35:26Z">
          <params>
            <param index="0">
              <value>
                <![CDATA[foo]]>
              </value>
            </param>
          </params>
          <reporter-output>
          </reporter-output>
        </test-method>
        <test-method status="PASS" name="testMethod" is-config="true" duration-ms="7" started-at="2020-09-06T19:35:26Z" finished-at="2020-09-06T19:35:26Z">
          <params>
            <param index="0">
              <value>
                <![CDATA[foo]]>
              </value>
            </param>
          </params>
          <reporter-output>
          </reporter-output>
        </test-method>
        <test-method status="PASS" name="testMethod" duration-ms="37" started-at="2020-09-06T19:35:26Z" description="description" depends-on-methods="methods" finished-at="2020-09-06T19:35:26Z">
          <reporter-output>
          </reporter-output>
        </test-method>
        <test-method status="PASS" name="testMethod" is-config="true" duration-ms="4" started-at="2020-09-06T19:35:26Z" finished-at="2020-09-06T19:35:26Z">
          <params>
            <param index="0">
              <value>
                <![CDATA[foo]]>
              </value>
            </param>
          </params>
          <reporter-output>
          </reporter-output>
        </test-method>
        <test-method status="PASS" name="testMethod" is-config="true" duration-ms="3" started-at="2020-09-06T19:35:26Z" finished-at="2020-09-06T19:35:26Z">
          <params>
            <param index="0">
              <value>
                <![CDATA[foo]]>
              </value>
            </param>
          </params>
          <reporter-output>
          </reporter-output>
        </test-method>
        <test-method status="PASS" name="testMethod" duration-ms="32" started-at="2020-09-06T19:35:26Z" description="description" depends-on-methods="methods" finished-at="2020-09-06T19:35:26Z">
          <reporter-output>
          </reporter-output>
        </test-method>
        <test-method status="PASS" name="testMethod" is-config="true" duration-ms="74" started-at="2020-09-06T19:35:26Z" finished-at="2020-09-06T19:35:26Z">
          <params>
            <param index="0">
              <value>
                <![CDATA[foo]]>
              </value>
            </param>
          </params>
          <reporter-output>
          </reporter-output>
        </test-method>
        <test-method status="PASS" name="testMethod" is-config="true" duration-ms="4" started-at="2020-09-06T19:35:26Z" finished-at="2020-09-06T19:35:26Z">
          <params>
            <param index="0">
              <value>
                <![CDATA[foo]]>
              </value>
            </param>
          </params>
          <reporter-output>
          </reporter-output>
        </test-method>
        <test-method status="PASS" name="testMethod" duration-ms="36" started-at="2020-09-06T19:35:26Z" description="description" depends-on-methods="methods" finished-at="2020-09-06T19:35:26Z">
          <reporter-output>
          </reporter-output>
        </test-method>
        <test-method status="PASS" name="testMethod" is-config="true" duration-ms="6" started-at="2020-09-06T19:35:26Z" finished-at="2020-09-06T19:35:26Z">
          <params>
            <param index="0">
              <value>
                <![CDATA[foo]]>
              </value>
            </param>
          </params>
          <reporter-output>
          </reporter-output>
        </test-method>
        <test-method status="PASS" name="testMethod" is-config="true" duration-ms="5" started-at="2020-09-06T19:35:26Z" finished-at="2020-09-06T19:35:26Z">
          <params>
            <param index="0">
              <value>
                <![CDATA[foo]]>
              </value>
            </param>
          </params>
          <reporter-output>
          </reporter-output>
        </test-method>
        <test-method status="PASS" name="testMethod" duration-ms="95" started-at="2020-09-06T19:35:26Z" description="description" depends-on-methods="methods" finished-at="2020-09-06T19:35:26Z">
          <reporter-output>
          </reporter-output>
        </test-method>
        <test-method status="PASS" name="testMethod" is-config="true" duration-ms="4" started-at="2020-09-06T19:35:26Z" finished-at="2020-09-06T19:35:26Z">
          <params>
            <param index="0">
              <value>
                <![CDATA[foo]]>
              </value>
            </param>
          </params>
          <reporter-output>
          </reporter-output>
        </test-method>
        <test-method status="PASS" name="testMethod" is-config="true" duration-ms="4" started-at="2020-09-06T19:35:26Z" finished-at="2020-09-06T19:35:26Z">
          <params>
            <param index="0">
              <value>
                <![CDATA[foo]]>
              </value>
            </param>
          </params>
          <reporter-output>
          </reporter-output>
        </test-method>
        <test-method status="PASS" name="testMethod" duration-ms="77" started-at="2020-09-06T19:35:26Z" description="description" depends-on-methods="methods" finished-at="2020-09-06T19:35:26Z">
          <reporter-output>
          </reporter-output>
        </test-method>
        <test-method status="PASS" name="testMethod" is-config="true" duration-ms="4" started-at="2020-09-06T19:35:26Z" finished-at="2020-09-06T19:35:26Z">
          <params>
            <param index="0">
              <value>
                <![CDATA[foo]]>
              </value>
            </param>
          </params>
          <reporter-output>
          </reporter-output>
        </test-method>
        <test-method status="PASS" name="testMethod" is-config="true" duration-ms="4" started-at="2020-09-06T19:35:26Z" finished-at="2020-09-06T19:35:26Z">
          <params>
            <param index="0">
              <value>
                <![CDATA[foo]]>
              </value>
            </param>
          </params>
          <reporter-output>
          </reporter-output>
        </test-method>
        <test-method status="PASS" name="testMethod" duration-ms="33" started-at="2020-09-06T19:35:26Z" description="description" depends-on-methods="methods" finished-at="2020-09-06T19:35:26Z">
          <reporter-output>
          </reporter-output>
        </test-method>
        <test-method status="PASS" name="testMethod" is-config="true" duration-ms="56" started-at="2020-09-06T19:35:26Z" finished-at="2020-09-06T19:35:26Z">
          <params>
            <param index="0">
              <value>
                <![CDATA[foo]]>
              </value>
            </param>
          </params>
          <reporter-output>
          </reporter-output>
        </test-method>
        <test-method status="PASS" name="testMethod" is-config="true" duration-ms="4" started-at="2020-09-06T19:35:26Z" finished-at="2020-09-06T19:35:26Z">
          <params>
            <param index="0">
              <value>
                <![CDATA[foo]]>
              </value>
            </param>
          </params>
          <reporter-output>
          </reporter-output>
        </test-method>
        <test-method status="PASS" name="testMethod" duration-ms="31" started-at="2020-09-06T19:35:26Z" description="description" depends-on-methods="methods" finished-at="2020-09-06T19:35:26Z">
          <reporter-output>
          </reporter-output>
        </test-method>
        <test-method status="PASS" name="testMethod" is-config="true" duration-ms="5" started-at="2020-09-06T19:35:26Z" finished-at="2020-09-06T19:35:26Z">
          <params>
            <param index="0">
              <value>
                <![CDATA[foo]]>
              </value>
            </param>
          </params>
          <reporter-output>
          </reporter-output>
        </test-method>
        <test-method status="PASS" name="testMethod" is-config="true" duration-ms="4" started-at="2020-09-06T19:35:26Z" finished-at="2020-09-06T19:35:26Z">
          <params>
            <param index="0">
              <value>
                <![CDATA[foo]]>
              </value>
            </param>
          </params>
          <reporter-output>
          </reporter-output>
        </test-method>
        <test-method status="PASS" name="testMethod" duration-ms="91" started-at="2020-09-06T19:35:26Z" description="description" depends-on-methods="methods" finished-at="2020-09-06T19:35:27Z">
          <reporter-output>
          </reporter-output>
        </test-method>
        <test-method status="PASS" name="testMethod" is-config="true" duration-ms="4" started-at="2020-09-06T19:35:27Z" finished-at="2020-09-06T19:35:27Z">
          <params>
            <param index="0">
              <value>
                <![CDATA[foo]]>
              </value>
            </param>
          </params>
          <reporter-output>
          </reporter-output>
        </test-method>
        <test-method status="PASS" name="testMethod" is-config="true" duration-ms="4" started-at="2020-09-06T19:35:27Z" finished-at="2020-09-06T19:35:27Z">
          <params>
            <param index="0">
              <value>
                <![CDATA[foo]]>
              </value>
            </param>
          </params>
          <reporter-output>
          </reporter-output>
        </test-method>
        <test-method status="PASS" name="testMethod" duration-ms="92" started-at="2020-09-06T19:35:27Z" description="description" depends-on-methods="methods" finished-at="2020-09-06T19:35:27Z">
          <reporter-output>
          </reporter-output>
        </test-method>
        <test-method status="PASS" name="testMethod" is-config="true" duration-ms="4" started-at="2020-09-06T19:35:27Z" finished-at="2020-09-06T19:35:27Z">
          <params>
            <param index="0">
              <value>
                <![CDATA[foo]]>
              </value>
            </param>
          </params>
          <reporter-output>
          </reporter-output>
        </test-method>
        <test-method status="PASS" name="testMethod" is-config="true" duration-ms="4" started-at="2020-09-06T19:35:27Z" finished-at="2020-09-06T19:35:27Z">
          <params>
            <param index="0">
              <value>
                <![CDATA[foo]]>
              </value>
            </param>
          </params>
          <reporter-output>
          </reporter-output>
        </test-method>
        <test-method status="PASS" name="testMethod" duration-ms="33" started-at="2020-09-06T19:35:27Z" description="description" depends-on-methods="methods" finished-at="2020-09-06T19:35:27Z">
          <reporter-output>
          </reporter-output>
        </test-method>
        <test-method status="PASS" name="testMethod" is-config="true" duration-ms="23" started-at="2020-09-06T19:35:27Z" finished-at="2020-09-06T19:35:27Z">
          <params>
            <param index="0">
              <value>
                <![CDATA[foo]]>
              </value>
            </param>
          </params>
          <reporter-output>
          </reporter-output>
        </test-method>
        <test-method status="PASS" name="testMethod" is-config="true" duration-ms="5" started-at="2020-09-06T19:35:27Z" finished-at="2020-09-06T19:35:27Z">
          <params>
            <param index="0">
              <value>
                <![CDATA[foo]]>
              </value>
            </param>
          </params>
          <reporter-output>
          </reporter-output>
        </test-method>
        <test-method status="PASS" name="testMethod" duration-ms="40" started-at="2020-09-06T19:35:27Z" description="description" depends-on-methods="methods" finished-at="2020-09-06T19:35:27Z">
          <reporter-output>
          </reporter-output>
        </test-method>
        <test-method status="PASS" name="testMethod" is-config="true" duration-ms="4" started-at="2020-09-06T19:35:27Z" finished-at="2020-09-06T19:35:27Z">
          <params>
            <param index="0">
              <value>
                <![CDATA[foo]]>
              </value>
            </param>
          </params>
          <reporter-output>
          </reporter-output>
        </test-method>
        <test-method status="PASS" name="testMethod" is-config="true" duration-ms="57" started-at="2020-09-06T19:35:27Z" finished-at="2020-09-06T19:35:27Z">
          <params>
            <param index="0">
              <value>
                <![CDATA[foo]]>
              </value>
            </param>
          </params>
          <reporter-output>
          </reporter-output>
        </test-method>
        <test-method status="PASS" name="testMethod" duration-ms="28" started-at="2020-09-06T19:35:27Z" description="description" depends-on-methods="methods" finished-at="2020-09-06T19:35:27Z">
          <reporter-output>
          </reporter-output>
        </test-method>
        <test-method status="PASS" name="testMethod" is-config="true" duration-ms="4" started-at="2020-09-06T19:35:27Z" finished-at="2020-09-06T19:35:27Z">
          <params>
            <param index="0">
              <value>
                <![CDATA[foo]]>
              </value>
            </param>
          </params>
          <reporter-output>
          </reporter-output>
        </test-method>
        <test-method status="PASS" name="testMethod" is-config="true" duration-ms="61" started-at="2020-09-06T19:35:27Z" finished-at="2020-09-06T19:35:27Z">
          <reporter-output>
          </reporter-output>
        </test-method>
        <test-method status="PASS" name="testMethod" is-config="true" duration-ms="3" started-at="2020-09-06T19:35:27Z" finished-at="2020-09-06T19:35:27Z">
          <reporter-output>
          </reporter-output>
        </test-method>
      </class>
      <class name="testMethod">
        <test-method status="PASS" name="testMethod" is-config="true" duration-ms="5" started-at="2020-09-06T19:35:27Z" finished-at="2020-09-06T19:35:27Z">
          <reporter-output>
          </reporter-output>
        </test-method>
        <test-method status="PASS" name="testMethod" is-config="true" duration-ms="24121" started-at="2020-09-06T19:35:27Z" depends-on-methods="methods" finished-at="2020-09-06T19:35:51Z">
          <reporter-output>
          </reporter-output>
        </test-method>
        <test-method status="PASS" name="testMethod" is-config="true" duration-ms="1" started-at="2020-09-06T19:35:51Z" finished-at="2020-09-06T19:35:51Z">
          <params>
            <param index="0">
              <value>
                <![CDATA[foo]]>
              </value>
            </param>
          </params>
          <reporter-output>
          </reporter-output>
        </test-method>
        <test-method status="PASS" name="testMethod" is-config="true" duration-ms="1" started-at="2020-09-06T19:35:51Z" finished-at="2020-09-06T19:35:51Z">
          <params>
            <param index="0">
              <value>
                <![CDATA[foo]]>
              </value>
            </param>
          </params>
          <reporter-output>
          </reporter-output>
        </test-method>
        <test-method status="PASS" name="testMethod" is-config="true" duration-ms="0" started-at="2020-09-06T19:35:51Z" finished-at="2020-09-06T19:35:51Z">
          <params>
            <param index="0">
              <value>
                <![CDATA[foo]]>
              </value>
            </param>
          </params>
          <reporter-output>
          </reporter-output>
        </test-method>
        <test-method status="PASS" name="testMethod" is-config="true" duration-ms="0" started-at="2020-09-06T19:35:51Z" finished-at="2020-09-06T19:35:51Z">
          <params>
            <param index="0">
              <value>
                <![CDATA[foo]]>
              </value>
            </param>
          </params>
          <reporter-output>
          </reporter-output>
        </test-method>
        <test-method status="PASS" name="testMethod" is-config="true" duration-ms="1" started-at="2020-09-06T19:35:51Z" finished-at="2020-09-06T19:35:51Z">
          <params>
            <param index="0">
              <value>
                <![CDATA[foo]]>
              </value>
            </param>
          </params>
          <reporter-output>
          </reporter-output>
        </test-method>
        <test-method status="PASS" name="testMethod" is-config="true" duration-ms="4622" started-at="2020-09-06T19:35:51Z" finished-at="2020-09-06T19:35:56Z">
          <params>
            <param index="0">
              <value>
                <![CDATA[foo]]>
              </value>
            </param>
            <param index="1">
              <value>
                <![CDATA[foo]]>
              </value>
            </param>
            <param index="2">
              <value>
                <![CDATA[foo]]>
              </value>
            </param>
            <param index="3">
              <value>
                <![CDATA[foo]]>
              </value>
            </param>
          </params>
          <reporter-output>
          </reporter-output>
        </test-method>
        <test-method status="PASS" name="testMethod" is-config="true" duration-ms="11" started-at="2020-09-06T19:35:56Z" finished-at="2020-09-06T19:35:56Z">
          <params>
            <param index="0">
              <value>
                <![CDATA[foo]]>
              </value>
            </param>
          </params>
          <reporter-output>
          </reporter-output>
        </test-method>
        <test-method status="PASS" name="testMethod" duration-ms="34481" started-at="2020-09-06T19:35:56Z" description="description" finished-at="2020-09-06T19:36:30Z">
          <reporter-output>
          </reporter-output>
        </test-method>
        <test-method status="PASS" name="testMethod" is-config="true" duration-ms="5" started-at="2020-09-06T19:36:30Z" finished-at="2020-09-06T19:36:30Z">
          <params>
            <param index="0">
              <value>
                <![CDATA[foo]]>
              </value>
            </param>
          </params>
          <reporter-output>
          </reporter-output>
        </test-method>
        <test-method status="PASS" name="testMethod" is-config="true" duration-ms="5" started-at="2020-09-06T19:36:30Z" finished-at="2020-09-06T19:36:30Z">
          <params>
            <param index="0">
              <value>
                <![CDATA[foo]]>
              </value>
            </param>
          </params>
          <reporter-output>
          </reporter-output>
        </test-method>
        <test-method status="PASS" name="testMethod" duration-ms="15371" started-at="2020-09-06T19:36:30Z" description="description" depends-on-methods="methods" finished-at="2020-09-06T19:36:46Z">
          <reporter-output>
          </reporter-output>
        </test-method>
        <test-method status="PASS" name="testMethod" is-config="true" duration-ms="4" started-at="2020-09-06T19:36:46Z" finished-at="2020-09-06T19:36:46Z">
          <params>
            <param index="0">
              <value>
                <![CDATA[foo]]>
              </value>
            </param>
          </params>
          <reporter-output>
          </reporter-output>
        </test-method>
        <test-method status="PASS" name="testMethod" is-config="true" duration-ms="4" started-at="2020-09-06T19:36:46Z" finished-at="2020-09-06T19:36:46Z">
          <params>
            <param index="0">
              <value>
                <![CDATA[foo]]>
              </value>
            </param>
          </params>
          <reporter-output>
          </reporter-output>
        </test-method>
        <test-method status="PASS" name="testMethod" duration-ms="41" started-at="2020-09-06T19:36:46Z" description="description" depends-on-methods="methods" finished-at="2020-09-06T19:36:46Z">
          <reporter-output>
          </reporter-output>
        </test-method>
        <test-method status="PASS" name="testMethod" is-config="true" duration-ms="5" started-at="2020-09-06T19:36:46Z" finished-at="2020-09-06T19:36:46Z">
          <params>
            <param index="0">
              <value>
                <![CDATA[foo]]>
              </value>
            </param>
          </params>
          <reporter-output>
          </reporter-output>
        </test-method>
        <test-method status="PASS" name="testMethod" is-config="true" duration-ms="5" started-at="2020-09-06T19:36:46Z" finished-at="2020-09-06T19:36:46Z">
          <params>
            <param index="0">
              <value>
                <![CDATA[foo]]>
              </value>
            </param>
          </params>
          <reporter-output>
          </reporter-output>
        </test-method>
        <test-method status="PASS" name="testMethod" duration-ms="37" started-at="2020-09-06T19:36:46Z" description="description" depends-on-methods="methods" finished-at="2020-09-06T19:36:46Z">
          <reporter-output>
          </reporter-output>
        </test-method>
        <test-method status="PASS" name="testMethod" is-config="true" duration-ms="4" started-at="2020-09-06T19:36:46Z" finished-at="2020-09-06T19:36:46Z">
          <params>
            <param index="0">
              <value>
                <![CDATA[foo]]>
              </value>
            </param>
          </params>
          <reporter-output>
          </reporter-output>
        </test-method>
        <test-method status="PASS" name="testMethod" is-config="true" duration-ms="4" started-at="2020-09-06T19:36:46Z" finished-at="2020-09-06T19:36:46Z">
          <params>
            <param index="0">
              <value>
                <![CDATA[foo]]>
              </value>
            </param>
          </params>
          <reporter-output>
          </reporter-output>
        </test-method>
        <test-method status="PASS" name="testMethod" duration-ms="29" started-at="2020-09-06T19:36:46Z" description="description" depends-on-methods="methods" finished-at="2020-09-06T19:36:46Z">
          <reporter-output>
          </reporter-output>
        </test-method>
        <test-method status="PASS" name="testMethod" is-config="true" duration-ms="5" started-at="2020-09-06T19:36:46Z" finished-at="2020-09-06T19:36:46Z">
          <params>
            <param index="0">
              <value>
                <![CDATA[foo]]>
              </value>
            </param>
          </params>
          <reporter-output>
          </reporter-output>
        </test-method>
        <test-method status="PASS" name="testMethod" is-config="true" duration-ms="4" started-at="2020-09-06T19:36:46Z" finished-at="2020-09-06T19:36:46Z">
          <params>
            <param index="0">
              <value>
                <![CDATA[foo]]>
              </value>
            </param>
          </params>
          <reporter-output>
          </reporter-output>
        </test-method>
        <test-method status="PASS" name="testMethod" duration-ms="36" started-at="2020-09-06T19:36:46Z" description="description" depends-on-methods="methods" finished-at="2020-09-06T19:36:46Z">
          <reporter-output>
          </reporter-output>
        </test-method>
        <test-method status="PASS" name="testMethod" is-config="true" duration-ms="5" started-at="2020-09-06T19:36:46Z" finished-at="2020-09-06T19:36:46Z">
          <params>
            <param index="0">
              <value>
                <![CDATA[foo]]>
              </value>
            </param>
          </params>
          <reporter-output>
          </reporter-output>
        </test-method>
        <test-method status="PASS" name="testMethod" is-config="true" duration-ms="4" started-at="2020-09-06T19:36:46Z" finished-at="2020-09-06T19:36:46Z">
          <params>
            <param index="0">
              <value>
                <![CDATA[foo]]>
              </value>
            </param>
          </params>
          <reporter-output>
          </reporter-output>
        </test-method>
        <test-method status="PASS" name="testMethod" duration-ms="30" started-at="2020-09-06T19:36:46Z" description="description" depends-on-methods="methods" finished-at="2020-09-06T19:36:46Z">
          <reporter-output>
          </reporter-output>
        </test-method>
        <test-method status="PASS" name="testMethod" is-config="true" duration-ms="5" started-at="2020-09-06T19:36:46Z" finished-at="2020-09-06T19:36:46Z">
          <params>
            <param index="0">
              <value>
                <![CDATA[foo]]>
              </value>
            </param>
          </params>
          <reporter-output>
          </reporter-output>
        </test-method>
        <test-method status="PASS" name="testMethod" is-config="true" duration-ms="5" started-at="2020-09-06T19:36:46Z" finished-at="2020-09-06T19:36:46Z">
          <params>
            <param index="0">
              <value>
                <![CDATA[foo]]>
              </value>
            </param>
          </params>
          <reporter-output>
          </reporter-output>
        </test-method>
        <test-method status="PASS" name="testMethod" duration-ms="40" started-at="2020-09-06T19:36:46Z" description="description" depends-on-methods="methods" finished-at="2020-09-06T19:36:46Z">
          <reporter-output>
          </reporter-output>
        </test-method>
        <test-method status="PASS" name="testMethod" is-config="true" duration-ms="5" started-at="2020-09-06T19:36:46Z" finished-at="2020-09-06T19:36:46Z">
          <params>
            <param index="0">
              <value>
                <![CDATA[foo]]>
              </value>
            </param>
          </params>
          <reporter-output>
          </reporter-output>
        </test-method>
        <test-method status="PASS" name="testMethod" is-config="true" duration-ms="5" started-at="2020-09-06T19:36:46Z" finished-at="2020-09-06T19:36:46Z">
          <params>
            <param index="0">
              <value>
                <![CDATA[foo]]>
              </value>
            </param>
          </params>
          <reporter-output>
          </reporter-output>
        </test-method>
        <test-method status="PASS" name="testMethod" duration-ms="39" started-at="2020-09-06T19:36:46Z" description="description" depends-on-methods="methods" finished-at="2020-09-06T19:36:46Z">
          <reporter-output>
          </reporter-output>
        </test-method>
        <test-method status="PASS" name="testMethod" is-config="true" duration-ms="4" started-at="2020-09-06T19:36:46Z" finished-at="2020-09-06T19:36:46Z">
          <params>
            <param index="0">
              <value>
                <![CDATA[foo]]>
              </value>
            </param>
          </params>
          <reporter-output>
          </reporter-output>
        </test-method>
        <test-method status="PASS" name="testMethod" is-config="true" duration-ms="5" started-at="2020-09-06T19:36:46Z" finished-at="2020-09-06T19:36:46Z">
          <params>
            <param index="0">
              <value>
                <![CDATA[foo]]>
              </value>
            </param>
          </params>
          <reporter-output>
          </reporter-output>
        </test-method>
        <test-method status="PASS" name="testMethod" duration-ms="37" started-at="2020-09-06T19:36:46Z" description="description" depends-on-methods="methods" finished-at="2020-09-06T19:36:46Z">
          <reporter-output>
          </reporter-output>
        </test-method>
        <test-method status="PASS" name="testMethod" is-config="true" duration-ms="8" started-at="2020-09-06T19:36:46Z" finished-at="2020-09-06T19:36:46Z">
          <params>
            <param index="0">
              <value>
                <![CDATA[foo]]>
              </value>
            </param>
          </params>
          <reporter-output>
          </reporter-output>
        </test-method>
        <test-method status="PASS" name="testMethod" is-config="true" duration-ms="6" started-at="2020-09-06T19:36:46Z" finished-at="2020-09-06T19:36:46Z">
          <params>
            <param index="0">
              <value>
                <![CDATA[foo]]>
              </value>
            </param>
          </params>
          <reporter-output>
          </reporter-output>
        </test-method>
        <test-method status="PASS" name="testMethod" duration-ms="112" started-at="2020-09-06T19:36:46Z" description="description" depends-on-methods="methods" finished-at="2020-09-06T19:36:46Z">
          <reporter-output>
          </reporter-output>
        </test-method>
        <test-method status="PASS" name="testMethod" is-config="true" duration-ms="4" started-at="2020-09-06T19:36:46Z" finished-at="2020-09-06T19:36:46Z">
          <params>
            <param index="0">
              <value>
                <![CDATA[foo]]>
              </value>
            </param>
          </params>
          <reporter-output>
          </reporter-output>
        </test-method>
        <test-method status="PASS" name="testMethod" is-config="true" duration-ms="5" started-at="2020-09-06T19:36:46Z" finished-at="2020-09-06T19:36:46Z">
          <params>
            <param index="0">
              <value>
                <![CDATA[foo]]>
              </value>
            </param>
          </params>
          <reporter-output>
          </reporter-output>
        </test-method>
        <test-method status="PASS" name="testMethod" duration-ms="66" started-at="2020-09-06T19:36:46Z" description="description" depends-on-methods="methods" finished-at="2020-09-06T19:36:46Z">
          <reporter-output>
          </reporter-output>
        </test-method>
        <test-method status="PASS" name="testMethod" is-config="true" duration-ms="4" started-at="2020-09-06T19:36:46Z" finished-at="2020-09-06T19:36:46Z">
          <params>
            <param index="0">
              <value>
                <![CDATA[foo]]>
              </value>
            </param>
          </params>
          <reporter-output>
          </reporter-output>
        </test-method>
        <test-method status="PASS" name="testMethod" is-config="true" duration-ms="4" started-at="2020-09-06T19:36:46Z" finished-at="2020-09-06T19:36:46Z">
          <params>
            <param index="0">
              <value>
                <![CDATA[foo]]>
              </value>
            </param>
          </params>
          <reporter-output>
          </reporter-output>
        </test-method>
        <test-method status="PASS" name="testMethod" duration-ms="30" started-at="2020-09-06T19:36:46Z" description="description" depends-on-methods="methods" finished-at="2020-09-06T19:36:46Z">
          <reporter-output>
          </reporter-output>
        </test-method>
        <test-method status="PASS" name="testMethod" is-config="true" duration-ms="55" started-at="2020-09-06T19:36:46Z" finished-at="2020-09-06T19:36:46Z">
          <params>
            <param index="0">
              <value>
                <![CDATA[foo]]>
              </value>
            </param>
          </params>
          <reporter-output>
          </reporter-output>
        </test-method>
        <test-method status="PASS" name="testMethod" is-config="true" duration-ms="3" started-at="2020-09-06T19:36:46Z" finished-at="2020-09-06T19:36:46Z">
          <params>
            <param index="0">
              <value>
                <![CDATA[foo]]>
              </value>
            </param>
          </params>
          <reporter-output>
          </reporter-output>
        </test-method>
        <test-method status="PASS" name="testMethod" duration-ms="37" started-at="2020-09-06T19:36:46Z" description="description" depends-on-methods="methods" finished-at="2020-09-06T19:36:46Z">
          <reporter-output>
          </reporter-output>
        </test-method>
        <test-method status="PASS" name="testMethod" is-config="true" duration-ms="4" started-at="2020-09-06T19:36:46Z" finished-at="2020-09-06T19:36:46Z">
          <params>
            <param index="0">
              <value>
                <![CDATA[foo]]>
              </value>
            </param>
          </params>
          <reporter-output>
          </reporter-output>
        </test-method>
        <test-method status="PASS" name="testMethod" is-config="true" duration-ms="4" started-at="2020-09-06T19:36:46Z" finished-at="2020-09-06T19:36:46Z">
          <params>
            <param index="0">
              <value>
                <![CDATA[foo]]>
              </value>
            </param>
          </params>
          <reporter-output>
          </reporter-output>
        </test-method>
        <test-method status="PASS" name="testMethod" duration-ms="80" started-at="2020-09-06T19:36:46Z" description="description" depends-on-methods="methods" finished-at="2020-09-06T19:36:46Z">
          <reporter-output>
          </reporter-output>
        </test-method>
        <test-method status="PASS" name="testMethod" is-config="true" duration-ms="6" started-at="2020-09-06T19:36:46Z" finished-at="2020-09-06T19:36:46Z">
          <params>
            <param index="0">
              <value>
                <![CDATA[foo]]>
              </value>
            </param>
          </params>
          <reporter-output>
          </reporter-output>
        </test-method>
        <test-method status="PASS" name="testMethod" is-config="true" duration-ms="4" started-at="2020-09-06T19:36:46Z" finished-at="2020-09-06T19:36:46Z">
          <params>
            <param index="0">
              <value>
                <![CDATA[foo]]>
              </value>
            </param>
          </params>
          <reporter-output>
          </reporter-output>
        </test-method>
        <test-method status="PASS" name="testMethod" duration-ms="79" started-at="2020-09-06T19:36:46Z" description="description" depends-on-methods="methods" finished-at="2020-09-06T19:36:46Z">
          <reporter-output>
          </reporter-output>
        </test-method>
        <test-method status="PASS" name="testMethod" is-config="true" duration-ms="4" started-at="2020-09-06T19:36:46Z" finished-at="2020-09-06T19:36:46Z">
          <params>
            <param index="0">
              <value>
                <![CDATA[foo]]>
              </value>
            </param>
          </params>
          <reporter-output>
          </reporter-output>
        </test-method>
        <test-method status="PASS" name="testMethod" is-config="true" duration-ms="4" started-at="2020-09-06T19:36:46Z" finished-at="2020-09-06T19:36:46Z">
          <params>
            <param index="0">
              <value>
                <![CDATA[foo]]>
              </value>
            </param>
          </params>
          <reporter-output>
          </reporter-output>
        </test-method>
        <test-method status="PASS" name="testMethod" duration-ms="28" started-at="2020-09-06T19:36:46Z" description="description" depends-on-methods="methods" finished-at="2020-09-06T19:36:46Z">
          <reporter-output>
          </reporter-output>
        </test-method>
        <test-method status="PASS" name="testMethod" is-config="true" duration-ms="5" started-at="2020-09-06T19:36:46Z" finished-at="2020-09-06T19:36:46Z">
          <params>
            <param index="0">
              <value>
                <![CDATA[foo]]>
              </value>
            </param>
          </params>
          <reporter-output>
          </reporter-output>
        </test-method>
        <test-method status="PASS" name="testMethod" is-config="true" duration-ms="58" started-at="2020-09-06T19:36:46Z" finished-at="2020-09-06T19:36:46Z">
          <params>
            <param index="0">
              <value>
                <![CDATA[foo]]>
              </value>
            </param>
          </params>
          <reporter-output>
          </reporter-output>
        </test-method>
        <test-method status="PASS" name="testMethod" duration-ms="34" started-at="2020-09-06T19:36:46Z" description="description" depends-on-methods="methods" finished-at="2020-09-06T19:36:47Z">
          <reporter-output>
          </reporter-output>
        </test-method>
        <test-method status="PASS" name="testMethod" is-config="true" duration-ms="6" started-at="2020-09-06T19:36:47Z" finished-at="2020-09-06T19:36:47Z">
          <params>
            <param index="0">
              <value>
                <![CDATA[foo]]>
              </value>
            </param>
          </params>
          <reporter-output>
          </reporter-output>
        </test-method>
        <test-method status="PASS" name="testMethod" is-config="true" duration-ms="4" started-at="2020-09-06T19:36:47Z" finished-at="2020-09-06T19:36:47Z">
          <params>
            <param index="0">
              <value>
                <![CDATA[foo]]>
              </value>
            </param>
          </params>
          <reporter-output>
          </reporter-output>
        </test-method>
        <test-method status="PASS" name="testMethod" duration-ms="82" started-at="2020-09-06T19:36:47Z" description="description" depends-on-methods="methods" finished-at="2020-09-06T19:36:47Z">
          <reporter-output>
          </reporter-output>
        </test-method>
        <test-method status="PASS" name="testMethod" is-config="true" duration-ms="3" started-at="2020-09-06T19:36:47Z" finished-at="2020-09-06T19:36:47Z">
          <params>
            <param index="0">
              <value>
                <![CDATA[foo]]>
              </value>
            </param>
          </params>
          <reporter-output>
          </reporter-output>
        </test-method>
        <test-method status="PASS" name="testMethod" is-config="true" duration-ms="4" started-at="2020-09-06T19:36:47Z" finished-at="2020-09-06T19:36:47Z">
          <params>
            <param index="0">
              <value>
                <![CDATA[foo]]>
              </value>
            </param>
          </params>
          <reporter-output>
          </reporter-output>
        </test-method>
        <test-method status="PASS" name="testMethod" duration-ms="64" started-at="2020-09-06T19:36:47Z" description="description" depends-on-methods="methods" finished-at="2020-09-06T19:36:47Z">
          <reporter-output>
          </reporter-output>
        </test-method>
        <test-method status="PASS" name="testMethod" is-config="true" duration-ms="6" started-at="2020-09-06T19:36:47Z" finished-at="2020-09-06T19:36:47Z">
          <params>
            <param index="0">
              <value>
                <![CDATA[foo]]>
              </value>
            </param>
          </params>
          <reporter-output>
          </reporter-output>
        </test-method>
        <test-method status="PASS" name="testMethod" is-config="true" duration-ms="15" started-at="2020-09-06T19:36:47Z" finished-at="2020-09-06T19:36:47Z">
          <reporter-output>
          </reporter-output>
        </test-method>
        <test-method status="PASS" name="testMethod" is-config="true" duration-ms="6" started-at="2020-09-06T19:36:47Z" finished-at="2020-09-06T19:36:47Z">
          <reporter-output>
          </reporter-output>
        </test-method>
      </class>
      <class name="testMethod">
        <test-method status="PASS" name="testMethod" is-config="true" duration-ms="4" started-at="2020-09-06T19:07:00Z" finished-at="2020-09-06T19:07:00Z">
          <reporter-output>
          </reporter-output>
        </test-method>
        <test-method status="PASS" name="testMethod" is-config="true" duration-ms="23343" started-at="2020-09-06T19:07:00Z" depends-on-methods="methods" finished-at="2020-09-06T19:07:24Z">
          <reporter-output>
          </reporter-output>
        </test-method>
        <test-method status="PASS" name="testMethod" is-config="true" duration-ms="1" started-at="2020-09-06T19:07:24Z" finished-at="2020-09-06T19:07:24Z">
          <params>
[...]
        </test-method>
        <test-method status="PASS" name="testMethod" is-config="true" duration-ms="9" started-at="2020-09-06T19:37:16Z" finished-at="2020-09-06T19:37:16Z">
          <params>
            <param index="0">
              <value>
                <![CDATA[foo]]>
              </value>
            </param>
          </params>
          <reporter-output>
          </reporter-output>
        </test-method>
        <test-method status="PASS" name="testMethod" duration-ms="34518" started-at="2020-09-06T19:37:16Z" description="description" finished-at="2020-09-06T19:37:50Z">
          <reporter-output>
          </reporter-output>
        </test-method>
        <test-method status="PASS" name="testMethod" is-config="true" duration-ms="5" started-at="2020-09-06T19:37:50Z" finished-at="2020-09-06T19:37:50Z">
          <params>
            <param index="0">
              <value>
                <![CDATA[foo]]>
              </value>
            </param>
          </params>
          <reporter-output>
          </reporter-output>
        </test-method>
        <test-method status="PASS" name="testMethod" is-config="true" duration-ms="4" started-at="2020-09-06T19:37:50Z" finished-at="2020-09-06T19:37:50Z">
          <params>
            <param index="0">
              <value>
                <![CDATA[foo]]>
              </value>
            </param>
          </params>
          <reporter-output>
          </reporter-output>
        </test-method>
        <test-method status="PASS" name="testMethod" duration-ms="70" started-at="2020-09-06T19:37:50Z" description="description" depends-on-methods="methods" finished-at="2020-09-06T19:37:50Z">
          <reporter-output>
          </reporter-output>
        </test-method>
        <test-method status="PASS" name="testMethod" is-config="true" duration-ms="7" started-at="2020-09-06T19:37:50Z" finished-at="2020-09-06T19:37:50Z">
          <params>
            <param index="0">
              <value>
                <![CDATA[foo]]>
              </value>
            </param>
          </params>
          <reporter-output>
          </reporter-output>
        </test-method>
        <test-method status="PASS" name="testMethod" is-config="true" duration-ms="6" started-at="2020-09-06T19:37:50Z" finished-at="2020-09-06T19:37:50Z">
          <params>
            <param index="0">
              <value>
                <![CDATA[foo]]>
              </value>
            </param>
          </params>
          <reporter-output>
          </reporter-output>
        </test-method>
        <test-method status="PASS" name="testMethod" duration-ms="53" started-at="2020-09-06T19:37:50Z" description="description" depends-on-methods="methods" finished-at="2020-09-06T19:37:50Z">
          <reporter-output>
          </reporter-output>
        </test-method>
        <test-method status="PASS" name="testMethod" is-config="true" duration-ms="6" started-at="2020-09-06T19:37:50Z" finished-at="2020-09-06T19:37:50Z">
          <params>
            <param index="0">
              <value>
                <![CDATA[foo]]>
              </value>
            </param>
          </params>
          <reporter-output>
          </reporter-output>
        </test-method>
        <test-method status="PASS" name="testMethod" is-config="true" duration-ms="7" started-at="2020-09-06T19:37:50Z" finished-at="2020-09-06T19:37:50Z">
          <params>
            <param index="0">
              <value>
                <![CDATA[foo]]>
              </value>
            </param>
          </params>
          <reporter-output>
          </reporter-output>
        </test-method>
        <test-method status="PASS" name="testMethod" duration-ms="54" started-at="2020-09-06T19:37:50Z" description="description" depends-on-methods="methods" finished-at="2020-09-06T19:37:50Z">
          <reporter-output>
          </reporter-output>
        </test-method>
        <test-method status="PASS" name="testMethod" is-config="true" duration-ms="5" started-at="2020-09-06T19:37:50Z" finished-at="2020-09-06T19:37:50Z">
          <params>
            <param index="0">
              <value>
                <![CDATA[foo]]>
              </value>
            </param>
          </params>
          <reporter-output>
          </reporter-output>
        </test-method>
        <test-method status="PASS" name="testMethod" is-config="true" duration-ms="4" started-at="2020-09-06T19:37:50Z" finished-at="2020-09-06T19:37:50Z">
          <params>
            <param index="0">
              <value>
                <![CDATA[foo]]>
              </value>
            </param>
          </params>
          <reporter-output>
          </reporter-output>
        </test-method>
        <test-method status="PASS" name="testMethod" duration-ms="46" started-at="2020-09-06T19:37:50Z" description="description" depends-on-methods="methods" finished-at="2020-09-06T19:37:50Z">
          <reporter-output>
          </reporter-output>
        </test-method>
        <test-method status="PASS" name="testMethod" is-config="true" duration-ms="8" started-at="2020-09-06T19:37:50Z" finished-at="2020-09-06T19:37:50Z">
          <params>
            <param index="0">
              <value>
                <![CDATA[foo]]>
              </value>
            </param>
          </params>
          <reporter-output>
          </reporter-output>
        </test-method>
        <test-method status="PASS" name="testMethod" is-config="true" duration-ms="9" started-at="2020-09-06T19:37:50Z" finished-at="2020-09-06T19:37:50Z">
          <params>
            <param index="0">
              <value>
                <![CDATA[foo]]>
              </value>
            </param>
          </params>
          <reporter-output>
          </reporter-output>
        </test-method>
        <test-method status="PASS" name="testMethod" duration-ms="46" started-at="2020-09-06T19:37:50Z" description="description" depends-on-methods="methods" finished-at="2020-09-06T19:37:51Z">
          <reporter-output>
          </reporter-output>
        </test-method>
        <test-method status="PASS" name="testMethod" is-config="true" duration-ms="6" started-at="2020-09-06T19:37:51Z" finished-at="2020-09-06T19:37:51Z">
          <params>
            <param index="0">
              <value>
                <![CDATA[foo]]>
              </value>
            </param>
          </params>
          <reporter-output>
          </reporter-output>
        </test-method>
        <test-method status="PASS" name="testMethod" is-config="true" duration-ms="3" started-at="2020-09-06T19:37:51Z" finished-at="2020-09-06T19:37:51Z">
          <params>
            <param index="0">
              <value>
                <![CDATA[foo]]>
              </value>
            </param>
          </params>
          <reporter-output>
          </reporter-output>
        </test-method>
        <test-method status="PASS" name="testMethod" duration-ms="54" started-at="2020-09-06T19:37:51Z" description="description" depends-on-methods="methods" finished-at="2020-09-06T19:37:51Z">
          <reporter-output>
          </reporter-output>
        </test-method>
        <test-method status="PASS" name="testMethod" is-config="true" duration-ms="5" started-at="2020-09-06T19:37:51Z" finished-at="2020-09-06T19:37:51Z">
          <params>
            <param index="0">
              <value>
                <![CDATA[foo]]>
              </value>
            </param>
          </params>
          <reporter-output>
          </reporter-output>
        </test-method>
        <test-method status="PASS" name="testMethod" is-config="true" duration-ms="4" started-at="2020-09-06T19:37:51Z" finished-at="2020-09-06T19:37:51Z">
          <params>
            <param index="0">
              <value>
                <![CDATA[foo]]>
              </value>
            </param>
          </params>
          <reporter-output>
          </reporter-output>
        </test-method>
        <test-method status="PASS" name="testMethod" duration-ms="44" started-at="2020-09-06T19:37:51Z" description="description" depends-on-methods="methods" finished-at="2020-09-06T19:37:51Z">
          <reporter-output>
          </reporter-output>
        </test-method>
        <test-method status="PASS" name="testMethod" is-config="true" duration-ms="8" started-at="2020-09-06T19:37:51Z" finished-at="2020-09-06T19:37:51Z">
          <params>
            <param index="0">
              <value>
                <![CDATA[foo]]>
              </value>
            </param>
          </params>
          <reporter-output>
          </reporter-output>
        </test-method>
        <test-method status="PASS" name="testMethod" is-config="true" duration-ms="4" started-at="2020-09-06T19:37:51Z" finished-at="2020-09-06T19:37:51Z">
          <params>
            <param index="0">
              <value>
                <![CDATA[foo]]>
              </value>
            </param>
          </params>
          <reporter-output>
          </reporter-output>
        </test-method>
        <test-method status="PASS" name="testMethod" duration-ms="39" started-at="2020-09-06T19:37:51Z" description="description" depends-on-methods="methods" finished-at="2020-09-06T19:37:51Z">
          <reporter-output>
          </reporter-output>
        </test-method>
        <test-method status="PASS" name="testMethod" is-config="true" duration-ms="6" started-at="2020-09-06T19:37:51Z" finished-at="2020-09-06T19:37:51Z">
          <params>
            <param index="0">
              <value>
                <![CDATA[foo]]>
              </value>
            </param>
          </params>
          <reporter-output>
          </reporter-output>
        </test-method>
        <test-method status="PASS" name="testMethod" is-config="true" duration-ms="7" started-at="2020-09-06T19:37:51Z" finished-at="2020-09-06T19:37:51Z">
          <params>
            <param index="0">
              <value>
                <![CDATA[foo]]>
              </value>
            </param>
          </params>
          <reporter-output>
          </reporter-output>
        </test-method>
        <test-method status="PASS" name="testMethod" duration-ms="68" started-at="2020-09-06T19:37:51Z" description="description" depends-on-methods="methods" finished-at="2020-09-06T19:37:51Z">
          <reporter-output>
          </reporter-output>
        </test-method>
        <test-method status="PASS" name="testMethod" is-config="true" duration-ms="8" started-at="2020-09-06T19:37:51Z" finished-at="2020-09-06T19:37:51Z">
          <params>
            <param index="0">
              <value>
                <![CDATA[foo]]>
              </value>
            </param>
          </params>
          <reporter-output>
          </reporter-output>
        </test-method>
        <test-method status="PASS" name="testMethod" is-config="true" duration-ms="5" started-at="2020-09-06T19:37:51Z" finished-at="2020-09-06T19:37:51Z">
          <params>
            <param index="0">
              <value>
                <![CDATA[foo]]>
              </value>
            </param>
          </params>
          <reporter-output>
          </reporter-output>
        </test-method>
        <test-method status="PASS" name="testMethod" duration-ms="49" started-at="2020-09-06T19:37:51Z" description="description" depends-on-methods="methods" finished-at="2020-09-06T19:37:51Z">
          <reporter-output>
          </reporter-output>
        </test-method>
        <test-method status="PASS" name="testMethod" is-config="true" duration-ms="6" started-at="2020-09-06T19:37:51Z" finished-at="2020-09-06T19:37:51Z">
          <params>
            <param index="0">
              <value>
                <![CDATA[foo]]>
              </value>
            </param>
          </params>
          <reporter-output>
          </reporter-output>
        </test-method>
        <test-method status="PASS" name="testMethod" is-config="true" duration-ms="4" started-at="2020-09-06T19:37:51Z" finished-at="2020-09-06T19:37:51Z">
          <params>
            <param index="0">
              <value>
                <![CDATA[foo]]>
              </value>
            </param>
          </params>
          <reporter-output>
          </reporter-output>
        </test-method>
        <test-method status="PASS" name="testMethod" duration-ms="59" started-at="2020-09-06T19:37:51Z" description="description" depends-on-methods="methods" finished-at="2020-09-06T19:37:51Z">
          <reporter-output>
          </reporter-output>
        </test-method>
        <test-method status="PASS" name="testMethod" is-config="true" duration-ms="7" started-at="2020-09-06T19:37:51Z" finished-at="2020-09-06T19:37:51Z">
          <params>
            <param index="0">
              <value>
                <![CDATA[foo]]>
              </value>
            </param>
          </params>
          <reporter-output>
          </reporter-output>
        </test-method>
        <test-method status="PASS" name="testMethod" is-config="true" duration-ms="4" started-at="2020-09-06T19:37:51Z" finished-at="2020-09-06T19:37:51Z">
          <params>
            <param index="0">
              <value>
                <![CDATA[foo]]>
              </value>
            </param>
          </params>
          <reporter-output>
          </reporter-output>
        </test-method>
        <test-method status="PASS" name="testMethod" duration-ms="60" started-at="2020-09-06T19:37:51Z" description="description" depends-on-methods="methods" finished-at="2020-09-06T19:37:51Z">
          <reporter-output>
          </reporter-output>
        </test-method>
        <test-method status="PASS" name="testMethod" is-config="true" duration-ms="8" started-at="2020-09-06T19:37:51Z" finished-at="2020-09-06T19:37:51Z">
          <params>
            <param index="0">
              <value>
                <![CDATA[foo]]>
              </value>
            </param>
          </params>
          <reporter-output>
          </reporter-output>
        </test-method>
        <test-method status="PASS" name="testMethod" is-config="true" duration-ms="5" started-at="2020-09-06T19:37:51Z" finished-at="2020-09-06T19:37:51Z">
          <params>
            <param index="0">
              <value>
                <![CDATA[foo]]>
              </value>
            </param>
          </params>
          <reporter-output>
          </reporter-output>
        </test-method>
        <test-method status="PASS" name="testMethod" duration-ms="46" started-at="2020-09-06T19:37:51Z" description="description" depends-on-methods="methods" finished-at="2020-09-06T19:37:51Z">
          <reporter-output>
          </reporter-output>
        </test-method>
        <test-method status="PASS" name="testMethod" is-config="true" duration-ms="7" started-at="2020-09-06T19:37:51Z" finished-at="2020-09-06T19:37:51Z">
          <params>
            <param index="0">
              <value>
                <![CDATA[foo]]>
              </value>
            </param>
          </params>
          <reporter-output>
          </reporter-output>
        </test-method>
        <test-method status="PASS" name="testMethod" is-config="true" duration-ms="4" started-at="2020-09-06T19:37:51Z" finished-at="2020-09-06T19:37:51Z">
          <params>
            <param index="0">
              <value>
                <![CDATA[foo]]>
              </value>
            </param>
          </params>
          <reporter-output>
          </reporter-output>
        </test-method>
        <test-method status="PASS" name="testMethod" duration-ms="58" started-at="2020-09-06T19:37:51Z" description="description" depends-on-methods="methods" finished-at="2020-09-06T19:37:51Z">
          <reporter-output>
          </reporter-output>
        </test-method>
        <test-method status="PASS" name="testMethod" is-config="true" duration-ms="7" started-at="2020-09-06T19:37:51Z" finished-at="2020-09-06T19:37:51Z">
          <params>
            <param index="0">
              <value>
                <![CDATA[foo]]>
              </value>
            </param>
          </params>
          <reporter-output>
          </reporter-output>
        </test-method>
        <test-method status="PASS" name="testMethod" is-config="true" duration-ms="5" started-at="2020-09-06T19:37:51Z" finished-at="2020-09-06T19:37:51Z">
          <params>
            <param index="0">
              <value>
                <![CDATA[foo]]>
              </value>
            </param>
          </params>
          <reporter-output>
          </reporter-output>
        </test-method>
        <test-method status="PASS" name="testMethod" duration-ms="57" started-at="2020-09-06T19:37:51Z" description="description" depends-on-methods="methods" finished-at="2020-09-06T19:37:51Z">
          <reporter-output>
          </reporter-output>
        </test-method>
        <test-method status="PASS" name="testMethod" is-config="true" duration-ms="6" started-at="2020-09-06T19:37:51Z" finished-at="2020-09-06T19:37:51Z">
          <params>
            <param index="0">
              <value>
                <![CDATA[foo]]>
              </value>
            </param>
          </params>
          <reporter-output>
          </reporter-output>
        </test-method>
        <test-method status="PASS" name="testMethod" is-config="true" duration-ms="6" started-at="2020-09-06T19:37:51Z" finished-at="2020-09-06T19:37:51Z">
          <params>
            <param index="0">
              <value>
                <![CDATA[foo]]>
              </value>
            </param>
          </params>
          <reporter-output>
          </reporter-output>
        </test-method>
        <test-method status="PASS" name="testMethod" duration-ms="48" started-at="2020-09-06T19:37:51Z" description="description" depends-on-methods="methods" finished-at="2020-09-06T19:37:51Z">
          <reporter-output>
          </reporter-output>
        </test-method>
        <test-method status="PASS" name="testMethod" is-config="true" duration-ms="7" started-at="2020-09-06T19:37:51Z" finished-at="2020-09-06T19:37:51Z">
          <params>
            <param index="0">
              <value>
                <![CDATA[foo]]>
              </value>
            </param>
          </params>
          <reporter-output>
          </reporter-output>
        </test-method>
        <test-method status="PASS" name="testMethod" is-config="true" duration-ms="5" started-at="2020-09-06T19:37:51Z" finished-at="2020-09-06T19:37:51Z">
          <params>
            <param index="0">
              <value>
                <![CDATA[foo]]>
              </value>
            </param>
          </params>
          <reporter-output>
          </reporter-output>
        </test-method>
        <test-method status="PASS" name="testMethod" duration-ms="47" started-at="2020-09-06T19:37:51Z" description="description" depends-on-methods="methods" finished-at="2020-09-06T19:37:51Z">
          <reporter-output>
          </reporter-output>
        </test-method>
        <test-method status="PASS" name="testMethod" is-config="true" duration-ms="7" started-at="2020-09-06T19:37:51Z" finished-at="2020-09-06T19:37:51Z">
          <params>
            <param index="0">
              <value>
                <![CDATA[foo]]>
              </value>
            </param>
          </params>
          <reporter-output>
          </reporter-output>
        </test-method>
        <test-method status="PASS" name="testMethod" is-config="true" duration-ms="504" started-at="2020-09-06T19:37:51Z" finished-at="2020-09-06T19:37:52Z">
          <reporter-output>
          </reporter-output>
        </test-method>
        <test-method status="PASS" name="testMethod" is-config="true" duration-ms="4" started-at="2020-09-06T19:37:52Z" finished-at="2020-09-06T19:37:52Z">
          <reporter-output>
          </reporter-output>
        </test-method>
      </class>
    </test>
  </suite>
</testng-results>
