<?xml version="1.0" encoding="UTF-8"?>
<robot generator="Robot 3.1.1 (Python 3.7.0 on darwin)" generated="20190422 22:46:35.187" rpa="false">
<suite id="s1" name="Login Tests" source="/Users/fniessink/workspace/quality-time/components/testdata/tmp/WebDemo/login_tests">
<suite id="s1-s1" name="Gherkin Login" source="/Users/fniessink/workspace/quality-time/components/testdata/tmp/WebDemo/login_tests/gherkin_login.robot">
<test id="s1-s1-t1" name="Valid Login">
<kw name="Given browser is opened to login page">
<kw name="Open Browser To Login Page" library="resource">
<kw name="Open Browser" library="SeleniumLibrary">
<doc>Opens a new browser instance to the given ``url``.</doc>
<arguments>
<arg>${LOGIN URL}</arg>
<arg>${BROWSER}</arg>
</arguments>
<msg timestamp="20190422 22:46:35.859" level="INFO">Opening browser 'Firefox' to base url 'http://localhost:7272/'.</msg>
<status status="PASS" starttime="20190422 22:46:35.859" endtime="20190422 22:46:40.572"></status>
</kw>
<kw name="Maximize Browser Window" library="SeleniumLibrary">
<doc>Maximizes current browser window.</doc>
<status status="PASS" starttime="20190422 22:46:40.572" endtime="20190422 22:46:41.108"></status>
</kw>
<kw name="Set Selenium Speed" library="SeleniumLibrary">
<doc>Sets the delay that is waited after each Selenium command.</doc>
<arguments>
<arg>${DELAY}</arg>
</arguments>
<status status="PASS" starttime="20190422 22:46:41.108" endtime="20190422 22:46:41.109"></status>
</kw>
<kw name="Login Page Should Be Open" library="resource">
<kw name="Title Should Be" library="SeleniumLibrary">
<doc>Verifies that current page title equals ``title``.</doc>
<arguments>
<arg>Login Page</arg>
</arguments>
<msg timestamp="20190422 22:46:41.116" level="INFO">Page title is 'Login Page'.</msg>
<status status="PASS" starttime="20190422 22:46:41.110" endtime="20190422 22:46:41.116"></status>
</kw>
<status status="PASS" starttime="20190422 22:46:41.110" endtime="20190422 22:46:41.117"></status>
</kw>
<status status="PASS" starttime="20190422 22:46:35.859" endtime="20190422 22:46:41.117"></status>
</kw>
<status status="PASS" starttime="20190422 22:46:35.858" endtime="20190422 22:46:41.117"></status>
</kw>
<kw name="When user &quot;demo&quot; logs in with password &quot;mode&quot;">
<kw name="Input Username" library="resource">
<arguments>
<arg>${username}</arg>
</arguments>
<kw name="Input Text" library="SeleniumLibrary">
<doc>Types the given ``text`` into text field identified by ``locator``.</doc>
<arguments>
<arg>username_field</arg>
<arg>${username}</arg>
</arguments>
<msg timestamp="20190422 22:46:41.123" level="INFO">Typing text 'demo' into text field 'username_field'.</msg>
<status status="PASS" starttime="20190422 22:46:41.123" endtime="20190422 22:46:41.159"></status>
</kw>
<status status="PASS" starttime="20190422 22:46:41.122" endtime="20190422 22:46:41.159"></status>
</kw>
<kw name="Input Password" library="resource">
<arguments>
<arg>${password}</arg>
</arguments>
<kw name="Input Text" library="SeleniumLibrary">
<doc>Types the given ``text`` into text field identified by ``locator``.</doc>
<arguments>
<arg>password_field</arg>
<arg>${password}</arg>
</arguments>
<msg timestamp="20190422 22:46:41.160" level="INFO">Typing text 'mode' into text field 'password_field'.</msg>
<status status="PASS" starttime="20190422 22:46:41.160" endtime="20190422 22:46:41.197"></status>
</kw>
<status status="PASS" starttime="20190422 22:46:41.159" endtime="20190422 22:46:41.197"></status>
</kw>
<kw name="Submit Credentials" library="resource">
<kw name="Click Button" library="SeleniumLibrary">
<doc>Clicks button identified by ``locator``.</doc>
<arguments>
<arg>login_button</arg>
</arguments>
<msg timestamp="20190422 22:46:41.198" level="INFO">Clicking button 'login_button'.</msg>
<status status="PASS" starttime="20190422 22:46:41.198" endtime="20190422 22:46:41.300"></status>
</kw>
<status status="PASS" starttime="20190422 22:46:41.197" endtime="20190422 22:46:41.300"></status>
</kw>
<status status="PASS" starttime="20190422 22:46:41.120" endtime="20190422 22:46:41.300"></status>
</kw>
<kw name="Then welcome page should be open" library="resource">
<kw name="Location Should Be" library="SeleniumLibrary">
<doc>Verifies that current URL is exactly ``url``.</doc>
<arguments>
<arg>${WELCOME URL}</arg>
</arguments>
<msg timestamp="20190422 22:46:41.312" level="INFO">Current location is 'http://localhost:7272/welcome.html'.</msg>
<status status="PASS" starttime="20190422 22:46:41.301" endtime="20190422 22:46:41.312"></status>
</kw>
<kw name="Title Should Be" library="SeleniumLibrary">
<doc>Verifies that current page title equals ``title``.</doc>
<arguments>
<arg>Welcome Page</arg>
</arguments>
<msg timestamp="20190422 22:46:41.326" level="INFO">Page title is 'Welcome Page'.</msg>
<status status="PASS" starttime="20190422 22:46:41.313" endtime="20190422 22:46:41.326"></status>
</kw>
<status status="PASS" starttime="20190422 22:46:41.301" endtime="20190422 22:46:41.327"></status>
</kw>
<kw name="Close Browser" library="SeleniumLibrary" type="teardown">
<doc>Closes the current browser.</doc>
<status status="PASS" starttime="20190422 22:46:41.331" endtime="20190422 22:46:42.042"></status>
</kw>
<status status="PASS" starttime="20190422 22:46:35.857" endtime="20190422 22:46:42.042" critical="yes"></status>
</test>
<doc>A test suite with a single Gherkin style test.

This test is functionally identical to the example in
valid_login.robot file.</doc>
<status status="PASS" starttime="20190422 22:46:35.238" endtime="20190422 22:46:42.044"></status>
</suite>
<suite id="s1-s2" name="Invalid Login" source="/Users/fniessink/workspace/quality-time/components/testdata/tmp/WebDemo/login_tests/invalid_login.robot">
<kw name="Open Browser To Login Page" library="resource" type="setup">
<kw name="Open Browser" library="SeleniumLibrary">
<doc>Opens a new browser instance to the given ``url``.</doc>
<arguments>
<arg>${LOGIN URL}</arg>
<arg>${BROWSER}</arg>
</arguments>
<msg timestamp="20190422 22:46:42.056" level="INFO">Opening browser 'Firefox' to base url 'http://localhost:7272/'.</msg>
<status status="PASS" starttime="20190422 22:46:42.056" endtime="20190422 22:46:45.945"></status>
</kw>
<kw name="Maximize Browser Window" library="SeleniumLibrary">
<doc>Maximizes current browser window.</doc>
<status status="PASS" starttime="20190422 22:46:45.945" endtime="20190422 22:46:46.483"></status>
</kw>
<kw name="Set Selenium Speed" library="SeleniumLibrary">
<doc>Sets the delay that is waited after each Selenium command.</doc>
<arguments>
<arg>${DELAY}</arg>
</arguments>
<status status="PASS" starttime="20190422 22:46:46.483" endtime="20190422 22:46:46.484"></status>
</kw>
<kw name="Login Page Should Be Open" library="resource">
<kw name="Title Should Be" library="SeleniumLibrary">
<doc>Verifies that current page title equals ``title``.</doc>
<arguments>
<arg>Login Page</arg>
</arguments>
<msg timestamp="20190422 22:46:46.491" level="INFO">Page title is 'Login Page'.</msg>
<status status="PASS" starttime="20190422 22:46:46.485" endtime="20190422 22:46:46.491"></status>
</kw>
<status status="PASS" starttime="20190422 22:46:46.485" endtime="20190422 22:46:46.491"></status>
</kw>
<status status="PASS" starttime="20190422 22:46:42.055" endtime="20190422 22:46:46.492"></status>
</kw>
<test id="s1-s2-t1" name="Invalid Username">
<kw name="Go To Login Page" library="resource" type="setup">
<kw name="Go To" library="SeleniumLibrary">
<doc>Navigates the active browser instance to the provided ``url``.</doc>
<arguments>
<arg>${LOGIN URL}</arg>
</arguments>
<msg timestamp="20190422 22:46:46.495" level="INFO">Opening url 'http://localhost:7272/'</msg>
<status status="PASS" starttime="20190422 22:46:46.494" endtime="20190422 22:46:46.560"></status>
</kw>
<kw name="Login Page Should Be Open" library="resource">
<kw name="Title Should Be" library="SeleniumLibrary">
<doc>Verifies that current page title equals ``title``.</doc>
<arguments>
<arg>Login Page</arg>
</arguments>
<msg timestamp="20190422 22:46:46.569" level="INFO">Page title is 'Login Page'.</msg>
<status status="PASS" starttime="20190422 22:46:46.561" endtime="20190422 22:46:46.570"></status>
</kw>
<status status="PASS" starttime="20190422 22:46:46.560" endtime="20190422 22:46:46.577"></status>
</kw>
<status status="PASS" starttime="20190422 22:46:46.493" endtime="20190422 22:46:46.582"></status>
</kw>
<kw name="Login With Invalid Credentials Should Fail">
<arguments>
<arg>invalid</arg>
<arg>${VALID PASSWORD}</arg>
</arguments>
<kw name="Input Username" library="resource">
<arguments>
<arg>${username}</arg>
</arguments>
<kw name="Input Text" library="SeleniumLibrary">
<doc>Types the given ``text`` into text field identified by ``locator``.</doc>
<arguments>
<arg>username_field</arg>
<arg>${username}</arg>
</arguments>
<msg timestamp="20190422 22:46:46.588" level="INFO">Typing text 'invalid' into text field 'username_field'.</msg>
<status status="PASS" starttime="20190422 22:46:46.587" endtime="20190422 22:46:46.658"></status>
</kw>
<status status="PASS" starttime="20190422 22:46:46.585" endtime="20190422 22:46:46.659"></status>
</kw>
<kw name="Input Password" library="resource">
<arguments>
<arg>${password}</arg>
</arguments>
<kw name="Input Text" library="SeleniumLibrary">
<doc>Types the given ``text`` into text field identified by ``locator``.</doc>
<arguments>
<arg>password_field</arg>
<arg>${password}</arg>
</arguments>
<msg timestamp="20190422 22:46:46.662" level="INFO">Typing text 'mode' into text field 'password_field'.</msg>
<status status="PASS" starttime="20190422 22:46:46.662" endtime="20190422 22:46:46.703"></status>
</kw>
<status status="PASS" starttime="20190422 22:46:46.660" endtime="20190422 22:46:46.703"></status>
</kw>
<kw name="Submit Credentials" library="resource">
<kw name="Click Button" library="SeleniumLibrary">
<doc>Clicks button identified by ``locator``.</doc>
<arguments>
<arg>login_button</arg>
</arguments>
<msg timestamp="20190422 22:46:46.704" level="INFO">Clicking button 'login_button'.</msg>
<status status="PASS" starttime="20190422 22:46:46.704" endtime="20190422 22:46:46.796"></status>
</kw>
<status status="PASS" starttime="20190422 22:46:46.704" endtime="20190422 22:46:46.805"></status>
</kw>
<kw name="Login Should Have Failed">
<kw name="Location Should Be" library="SeleniumLibrary">
<doc>Verifies that current URL is exactly ``url``.</doc>
<arguments>
<arg>${ERROR URL}</arg>
</arguments>
<msg timestamp="20190422 22:46:46.815" level="INFO">Current location is 'http://localhost:7272/error.html'.</msg>
<status status="PASS" starttime="20190422 22:46:46.807" endtime="20190422 22:46:46.816"></status>
</kw>
<kw name="Title Should Be" library="SeleniumLibrary">
<doc>Verifies that current page title equals ``title``.</doc>
<arguments>
<arg>Error Page</arg>
</arguments>
<msg timestamp="20190422 22:46:46.819" level="INFO">Page title is 'Error Page'.</msg>
<status status="PASS" starttime="20190422 22:46:46.816" endtime="20190422 22:46:46.819"></status>
</kw>
<status status="PASS" starttime="20190422 22:46:46.805" endtime="20190422 22:46:46.819"></status>
</kw>
<status status="PASS" starttime="20190422 22:46:46.583" endtime="20190422 22:46:46.819"></status>
</kw>
<status status="PASS" starttime="20190422 22:46:46.492" endtime="20190422 22:46:46.819" critical="yes"></status>
</test>
<test id="s1-s2-t2" name="Invalid Password">
<kw name="Go To Login Page" library="resource" type="setup">
<kw name="Go To" library="SeleniumLibrary">
<doc>Navigates the active browser instance to the provided ``url``.</doc>
<arguments>
<arg>${LOGIN URL}</arg>
</arguments>
<msg timestamp="20190422 22:46:46.821" level="INFO">Opening url 'http://localhost:7272/'</msg>
<status status="PASS" starttime="20190422 22:46:46.821" endtime="20190422 22:46:46.908"></status>
</kw>
<kw name="Login Page Should Be Open" library="resource">
<kw name="Title Should Be" library="SeleniumLibrary">
<doc>Verifies that current page title equals ``title``.</doc>
<arguments>
<arg>Login Page</arg>
</arguments>
<msg timestamp="20190422 22:46:46.915" level="INFO">Page title is 'Login Page'.</msg>
<status status="PASS" starttime="20190422 22:46:46.909" endtime="20190422 22:46:46.916"></status>
</kw>
<status status="PASS" starttime="20190422 22:46:46.908" endtime="20190422 22:46:46.918"></status>
</kw>
<status status="PASS" starttime="20190422 22:46:46.820" endtime="20190422 22:46:46.919"></status>
</kw>
<kw name="Login With Invalid Credentials Should Fail">
<arguments>
<arg>${VALID USER}</arg>
<arg>invalid</arg>
</arguments>
<kw name="Input Username" library="resource">
<arguments>
<arg>${username}</arg>
</arguments>
<kw name="Input Text" library="SeleniumLibrary">
<doc>Types the given ``text`` into text field identified by ``locator``.</doc>
<arguments>
<arg>username_field</arg>
<arg>${username}</arg>
</arguments>
<msg timestamp="20190422 22:46:46.922" level="INFO">Typing text 'demo' into text field 'username_field'.</msg>
<status status="PASS" starttime="20190422 22:46:46.922" endtime="20190422 22:46:46.964"></status>
</kw>
<status status="PASS" starttime="20190422 22:46:46.922" endtime="20190422 22:46:46.964"></status>
</kw>
<kw name="Input Password" library="resource">
<arguments>
<arg>${password}</arg>
</arguments>
<kw name="Input Text" library="SeleniumLibrary">
<doc>Types the given ``text`` into text field identified by ``locator``.</doc>
<arguments>
<arg>password_field</arg>
<arg>${password}</arg>
</arguments>
<msg timestamp="20190422 22:46:46.965" level="INFO">Typing text 'invalid' into text field 'password_field'.</msg>
<status status="PASS" starttime="20190422 22:46:46.965" endtime="20190422 22:46:46.997"></status>
</kw>
<status status="PASS" starttime="20190422 22:46:46.965" endtime="20190422 22:46:46.997"></status>
</kw>
<kw name="Submit Credentials" library="resource">
<kw name="Click Button" library="SeleniumLibrary">
<doc>Clicks button identified by ``locator``.</doc>
<arguments>
<arg>login_button</arg>
</arguments>
<msg timestamp="20190422 22:46:46.998" level="INFO">Clicking button 'login_button'.</msg>
<status status="PASS" starttime="20190422 22:46:46.998" endtime="20190422 22:46:47.058"></status>
</kw>
<status status="PASS" starttime="20190422 22:46:46.997" endtime="20190422 22:46:47.058"></status>
</kw>
<kw name="Login Should Have Failed">
<kw name="Location Should Be" library="SeleniumLibrary">
<doc>Verifies that current URL is exactly ``url``.</doc>
<arguments>
<arg>${ERROR URL}</arg>
</arguments>
<msg timestamp="20190422 22:46:47.069" level="INFO">Current location is 'http://localhost:7272/error.html'.</msg>
<status status="PASS" starttime="20190422 22:46:47.060" endtime="20190422 22:46:47.070"></status>
</kw>
<kw name="Title Should Be" library="SeleniumLibrary">
<doc>Verifies that current page title equals ``title``.</doc>
<arguments>
<arg>Error Page</arg>
</arguments>
<msg timestamp="20190422 22:46:47.074" level="INFO">Page title is 'Error Page'.</msg>
<status status="PASS" starttime="20190422 22:46:47.070" endtime="20190422 22:46:47.075"></status>
</kw>
<status status="PASS" starttime="20190422 22:46:47.059" endtime="20190422 22:46:47.075"></status>
</kw>
<status status="PASS" starttime="20190422 22:46:46.921" endtime="20190422 22:46:47.075"></status>
</kw>
<status status="PASS" starttime="20190422 22:46:46.820" endtime="20190422 22:46:47.075" critical="yes"></status>
</test>
<test id="s1-s2-t3" name="Invalid Username And Password">
<kw name="Go To Login Page" library="resource" type="setup">
<kw name="Go To" library="SeleniumLibrary">
<doc>Navigates the active browser instance to the provided ``url``.</doc>
<arguments>
<arg>${LOGIN URL}</arg>
</arguments>
<msg timestamp="20190422 22:46:47.077" level="INFO">Opening url 'http://localhost:7272/'</msg>
<status status="PASS" starttime="20190422 22:46:47.077" endtime="20190422 22:46:47.125"></status>
</kw>
<kw name="Login Page Should Be Open" library="resource">
<kw name="Title Should Be" library="SeleniumLibrary">
<doc>Verifies that current page title equals ``title``.</doc>
<arguments>
<arg>Login Page</arg>
</arguments>
<msg timestamp="20190422 22:46:47.135" level="INFO">Page title is 'Login Page'.</msg>
<status status="PASS" starttime="20190422 22:46:47.127" endtime="20190422 22:46:47.136"></status>
</kw>
<status status="PASS" starttime="20190422 22:46:47.125" endtime="20190422 22:46:47.136"></status>
</kw>
<status status="PASS" starttime="20190422 22:46:47.077" endtime="20190422 22:46:47.136"></status>
</kw>
<kw name="Login With Invalid Credentials Should Fail">
<arguments>
<arg>invalid</arg>
<arg>whatever</arg>
</arguments>
<kw name="Input Username" library="resource">
<arguments>
<arg>${username}</arg>
</arguments>
<kw name="Input Text" library="SeleniumLibrary">
<doc>Types the given ``text`` into text field identified by ``locator``.</doc>
<arguments>
<arg>username_field</arg>
<arg>${username}</arg>
</arguments>
<msg timestamp="20190422 22:46:47.137" level="INFO">Typing text 'invalid' into text field 'username_field'.</msg>
<status status="PASS" starttime="20190422 22:46:47.137" endtime="20190422 22:46:47.181"></status>
</kw>
<status status="PASS" starttime="20190422 22:46:47.137" endtime="20190422 22:46:47.182"></status>
</kw>
<kw name="Input Password" library="resource">
<arguments>
<arg>${password}</arg>
</arguments>
<kw name="Input Text" library="SeleniumLibrary">
<doc>Types the given ``text`` into text field identified by ``locator``.</doc>
<arguments>
<arg>password_field</arg>
<arg>${password}</arg>
</arguments>
<msg timestamp="20190422 22:46:47.183" level="INFO">Typing text 'whatever' into text field 'password_field'.</msg>
<status status="PASS" starttime="20190422 22:46:47.183" endtime="20190422 22:46:47.215"></status>
</kw>
<status status="PASS" starttime="20190422 22:46:47.182" endtime="20190422 22:46:47.216"></status>
</kw>
<kw name="Submit Credentials" library="resource">
<kw name="Click Button" library="SeleniumLibrary">
<doc>Clicks button identified by ``locator``.</doc>
<arguments>
<arg>login_button</arg>
</arguments>
<msg timestamp="20190422 22:46:47.216" level="INFO">Clicking button 'login_button'.</msg>
<status status="PASS" starttime="20190422 22:46:47.216" endtime="20190422 22:46:47.276"></status>
</kw>
<status status="PASS" starttime="20190422 22:46:47.216" endtime="20190422 22:46:47.277"></status>
</kw>
<kw name="Login Should Have Failed">
<kw name="Location Should Be" library="SeleniumLibrary">
<doc>Verifies that current URL is exactly ``url``.</doc>
<arguments>
<arg>${ERROR URL}</arg>
</arguments>
<msg timestamp="20190422 22:46:47.290" level="INFO">Current location is 'http://localhost:7272/error.html'.</msg>
<status status="PASS" starttime="20190422 22:46:47.278" endtime="20190422 22:46:47.291"></status>
</kw>
<kw name="Title Should Be" library="SeleniumLibrary">
<doc>Verifies that current page title equals ``title``.</doc>
<arguments>
<arg>Error Page</arg>
</arguments>
<msg timestamp="20190422 22:46:47.295" level="INFO">Page title is 'Error Page'.</msg>
<status status="PASS" starttime="20190422 22:46:47.291" endtime="20190422 22:46:47.295"></status>
</kw>
<status status="PASS" starttime="20190422 22:46:47.277" endtime="20190422 22:46:47.295"></status>
</kw>
<status status="PASS" starttime="20190422 22:46:47.136" endtime="20190422 22:46:47.295"></status>
</kw>
<status status="PASS" starttime="20190422 22:46:47.076" endtime="20190422 22:46:47.296" critical="yes"></status>
</test>
<test id="s1-s2-t4" name="Empty Username">
<kw name="Go To Login Page" library="resource" type="setup">
<kw name="Go To" library="SeleniumLibrary">
<doc>Navigates the active browser instance to the provided ``url``.</doc>
<arguments>
<arg>${LOGIN URL}</arg>
</arguments>
<msg timestamp="20190422 22:46:47.302" level="INFO">Opening url 'http://localhost:7272/'</msg>
<status status="PASS" starttime="20190422 22:46:47.299" endtime="20190422 22:46:47.351"></status>
</kw>
<kw name="Login Page Should Be Open" library="resource">
<kw name="Title Should Be" library="SeleniumLibrary">
<doc>Verifies that current page title equals ``title``.</doc>
<arguments>
<arg>Login Page</arg>
</arguments>
<msg timestamp="20190422 22:46:47.362" level="INFO">Page title is 'Login Page'.</msg>
<status status="PASS" starttime="20190422 22:46:47.354" endtime="20190422 22:46:47.363"></status>
</kw>
<status status="PASS" starttime="20190422 22:46:47.352" endtime="20190422 22:46:47.363"></status>
</kw>
<status status="PASS" starttime="20190422 22:46:47.297" endtime="20190422 22:46:47.363"></status>
</kw>
<kw name="Login With Invalid Credentials Should Fail">
<arguments>
<arg>${EMPTY}</arg>
<arg>${VALID PASSWORD}</arg>
</arguments>
<kw name="Input Username" library="resource">
<arguments>
<arg>${username}</arg>
</arguments>
<kw name="Input Text" library="SeleniumLibrary">
<doc>Types the given ``text`` into text field identified by ``locator``.</doc>
<arguments>
<arg>username_field</arg>
<arg>${username}</arg>
</arguments>
<msg timestamp="20190422 22:46:47.371" level="INFO">Typing text '' into text field 'username_field'.</msg>
<status status="PASS" starttime="20190422 22:46:47.369" endtime="20190422 22:46:47.403"></status>
</kw>
<status status="PASS" starttime="20190422 22:46:47.365" endtime="20190422 22:46:47.403"></status>
</kw>
<kw name="Input Password" library="resource">
<arguments>
<arg>${password}</arg>
</arguments>
<kw name="Input Text" library="SeleniumLibrary">
<doc>Types the given ``text`` into text field identified by ``locator``.</doc>
<arguments>
<arg>password_field</arg>
<arg>${password}</arg>
</arguments>
<msg timestamp="20190422 22:46:47.404" level="INFO">Typing text 'mode' into text field 'password_field'.</msg>
<status status="PASS" starttime="20190422 22:46:47.403" endtime="20190422 22:46:47.437"></status>
</kw>
<status status="PASS" starttime="20190422 22:46:47.403" endtime="20190422 22:46:47.437"></status>
</kw>
<kw name="Submit Credentials" library="resource">
<kw name="Click Button" library="SeleniumLibrary">
<doc>Clicks button identified by ``locator``.</doc>
<arguments>
<arg>login_button</arg>
</arguments>
<msg timestamp="20190422 22:46:47.438" level="INFO">Clicking button 'login_button'.</msg>
<status status="PASS" starttime="20190422 22:46:47.438" endtime="20190422 22:46:47.480"></status>
</kw>
<status status="PASS" starttime="20190422 22:46:47.438" endtime="20190422 22:46:47.482"></status>
</kw>
<kw name="Login Should Have Failed">
<kw name="Location Should Be" library="SeleniumLibrary">
<doc>Verifies that current URL is exactly ``url``.</doc>
<arguments>
<arg>${ERROR URL}</arg>
</arguments>
<msg timestamp="20190422 22:46:47.492" level="INFO">Current location is 'http://localhost:7272/error.html'.</msg>
<status status="PASS" starttime="20190422 22:46:47.484" endtime="20190422 22:46:47.492"></status>
</kw>
<kw name="Title Should Be" library="SeleniumLibrary">
<doc>Verifies that current page title equals ``title``.</doc>
<arguments>
<arg>Error Page</arg>
</arguments>
<msg timestamp="20190422 22:46:47.496" level="INFO">Page title is 'Error Page'.</msg>
<status status="PASS" starttime="20190422 22:46:47.493" endtime="20190422 22:46:47.496"></status>
</kw>
<status status="PASS" starttime="20190422 22:46:47.483" endtime="20190422 22:46:47.497"></status>
</kw>
<status status="PASS" starttime="20190422 22:46:47.363" endtime="20190422 22:46:47.497"></status>
</kw>
<status status="PASS" starttime="20190422 22:46:47.296" endtime="20190422 22:46:47.497" critical="yes"></status>
</test>
<test id="s1-s2-t5" name="Empty Password">
<kw name="Go To Login Page" library="resource" type="setup">
<kw name="Go To" library="SeleniumLibrary">
<doc>Navigates the active browser instance to the provided ``url``.</doc>
<arguments>
<arg>${LOGIN URL}</arg>
</arguments>
<msg timestamp="20190422 22:46:47.502" level="INFO">Opening url 'http://localhost:7272/'</msg>
<status status="PASS" starttime="20190422 22:46:47.501" endtime="20190422 22:46:47.576"></status>
</kw>
<kw name="Login Page Should Be Open" library="resource">
<kw name="Title Should Be" library="SeleniumLibrary">
<doc>Verifies that current page title equals ``title``.</doc>
<arguments>
<arg>Login Page</arg>
</arguments>
<msg timestamp="20190422 22:46:47.582" level="INFO">Page title is 'Login Page'.</msg>
<status status="PASS" starttime="20190422 22:46:47.576" endtime="20190422 22:46:47.583"></status>
</kw>
<status status="PASS" starttime="20190422 22:46:47.576" endtime="20190422 22:46:47.584"></status>
</kw>
<status status="PASS" starttime="20190422 22:46:47.501" endtime="20190422 22:46:47.586"></status>
</kw>
<kw name="Login With Invalid Credentials Should Fail">
<arguments>
<arg>${VALID USER}</arg>
<arg>${EMPTY}</arg>
</arguments>
<kw name="Input Username" library="resource">
<arguments>
<arg>${username}</arg>
</arguments>
<kw name="Input Text" library="SeleniumLibrary">
<doc>Types the given ``text`` into text field identified by ``locator``.</doc>
<arguments>
<arg>username_field</arg>
<arg>${username}</arg>
</arguments>
<msg timestamp="20190422 22:46:47.589" level="INFO">Typing text 'demo' into text field 'username_field'.</msg>
<status status="PASS" starttime="20190422 22:46:47.589" endtime="20190422 22:46:47.633"></status>
</kw>
<status status="PASS" starttime="20190422 22:46:47.588" endtime="20190422 22:46:47.634"></status>
</kw>
<kw name="Input Password" library="resource">
<arguments>
<arg>${password}</arg>
</arguments>
<kw name="Input Text" library="SeleniumLibrary">
<doc>Types the given ``text`` into text field identified by ``locator``.</doc>
<arguments>
<arg>password_field</arg>
<arg>${password}</arg>
</arguments>
<msg timestamp="20190422 22:46:47.634" level="INFO">Typing text '' into text field 'password_field'.</msg>
<status status="PASS" starttime="20190422 22:46:47.634" endtime="20190422 22:46:47.661"></status>
</kw>
<status status="PASS" starttime="20190422 22:46:47.634" endtime="20190422 22:46:47.662"></status>
</kw>
<kw name="Submit Credentials" library="resource">
<kw name="Click Button" library="SeleniumLibrary">
<doc>Clicks button identified by ``locator``.</doc>
<arguments>
<arg>login_button</arg>
</arguments>
<msg timestamp="20190422 22:46:47.663" level="INFO">Clicking button 'login_button'.</msg>
<status status="PASS" starttime="20190422 22:46:47.662" endtime="20190422 22:46:47.725"></status>
</kw>
<status status="PASS" starttime="20190422 22:46:47.662" endtime="20190422 22:46:47.725"></status>
</kw>
<kw name="Login Should Have Failed">
<kw name="Location Should Be" library="SeleniumLibrary">
<doc>Verifies that current URL is exactly ``url``.</doc>
<arguments>
<arg>${ERROR URL}</arg>
</arguments>
<msg timestamp="20190422 22:46:47.731" level="INFO">Current location is 'http://localhost:7272/error.html'.</msg>
<status status="PASS" starttime="20190422 22:46:47.726" endtime="20190422 22:46:47.733"></status>
</kw>
<kw name="Title Should Be" library="SeleniumLibrary">
<doc>Verifies that current page title equals ``title``.</doc>
<arguments>
<arg>Error Page</arg>
</arguments>
<msg timestamp="20190422 22:46:47.737" level="INFO">Page title is 'Error Page'.</msg>
<status status="PASS" starttime="20190422 22:46:47.734" endtime="20190422 22:46:47.737"></status>
</kw>
<status status="PASS" starttime="20190422 22:46:47.726" endtime="20190422 22:46:47.738"></status>
</kw>
<status status="PASS" starttime="20190422 22:46:47.587" endtime="20190422 22:46:47.738"></status>
</kw>
<status status="PASS" starttime="20190422 22:46:47.499" endtime="20190422 22:46:47.738" critical="yes"></status>
</test>
<test id="s1-s2-t6" name="Empty Username And Password">
<kw name="Go To Login Page" library="resource" type="setup">
<kw name="Go To" library="SeleniumLibrary">
<doc>Navigates the active browser instance to the provided ``url``.</doc>
<arguments>
<arg>${LOGIN URL}</arg>
</arguments>
<msg timestamp="20190422 22:46:47.741" level="INFO">Opening url 'http://localhost:7272/'</msg>
<status status="PASS" starttime="20190422 22:46:47.740" endtime="20190422 22:46:47.796"></status>
</kw>
<kw name="Login Page Should Be Open" library="resource">
<kw name="Title Should Be" library="SeleniumLibrary">
<doc>Verifies that current page title equals ``title``.</doc>
<arguments>
<arg>Login Page</arg>
</arguments>
<msg timestamp="20190422 22:46:47.812" level="INFO">Page title is 'Login Page'.</msg>
<status status="PASS" starttime="20190422 22:46:47.809" endtime="20190422 22:46:47.813"></status>
</kw>
<status status="PASS" starttime="20190422 22:46:47.808" endtime="20190422 22:46:47.813"></status>
</kw>
<status status="PASS" starttime="20190422 22:46:47.739" endtime="20190422 22:46:47.813"></status>
</kw>
<kw name="Login With Invalid Credentials Should Fail">
<arguments>
<arg>${EMPTY}</arg>
<arg>${EMPTY}</arg>
</arguments>
<kw name="Input Username" library="resource">
<arguments>
<arg>${username}</arg>
</arguments>
<kw name="Input Text" library="SeleniumLibrary">
<doc>Types the given ``text`` into text field identified by ``locator``.</doc>
<arguments>
<arg>username_field</arg>
<arg>${username}</arg>
</arguments>
<msg timestamp="20190422 22:46:47.820" level="INFO">Typing text '' into text field 'username_field'.</msg>
<status status="PASS" starttime="20190422 22:46:47.820" endtime="20190422 22:46:47.856"></status>
</kw>
<status status="PASS" starttime="20190422 22:46:47.819" endtime="20190422 22:46:47.856"></status>
</kw>
<kw name="Input Password" library="resource">
<arguments>
<arg>${password}</arg>
</arguments>
<kw name="Input Text" library="SeleniumLibrary">
<doc>Types the given ``text`` into text field identified by ``locator``.</doc>
<arguments>
<arg>password_field</arg>
<arg>${password}</arg>
</arguments>
<msg timestamp="20190422 22:46:47.857" level="INFO">Typing text '' into text field 'password_field'.</msg>
<status status="PASS" starttime="20190422 22:46:47.857" endtime="20190422 22:46:47.883"></status>
</kw>
<status status="PASS" starttime="20190422 22:46:47.856" endtime="20190422 22:46:47.883"></status>
</kw>
<kw name="Submit Credentials" library="resource">
<kw name="Click Button" library="SeleniumLibrary">
<doc>Clicks button identified by ``locator``.</doc>
<arguments>
<arg>login_button</arg>
</arguments>
<msg timestamp="20190422 22:46:47.884" level="INFO">Clicking button 'login_button'.</msg>
<status status="PASS" starttime="20190422 22:46:47.884" endtime="20190422 22:46:47.944"></status>
</kw>
<status status="PASS" starttime="20190422 22:46:47.883" endtime="20190422 22:46:47.944"></status>
</kw>
<kw name="Login Should Have Failed">
<kw name="Location Should Be" library="SeleniumLibrary">
<doc>Verifies that current URL is exactly ``url``.</doc>
<arguments>
<arg>${ERROR URL}</arg>
</arguments>
<msg timestamp="20190422 22:46:47.958" level="INFO">Current location is 'http://localhost:7272/error.html'.</msg>
<status status="PASS" starttime="20190422 22:46:47.945" endtime="20190422 22:46:47.958"></status>
</kw>
<kw name="Title Should Be" library="SeleniumLibrary">
<doc>Verifies that current page title equals ``title``.</doc>
<arguments>
<arg>Error Page</arg>
</arguments>
<msg timestamp="20190422 22:46:47.962" level="INFO">Page title is 'Error Page'.</msg>
<status status="PASS" starttime="20190422 22:46:47.958" endtime="20190422 22:46:47.962"></status>
</kw>
<status status="PASS" starttime="20190422 22:46:47.944" endtime="20190422 22:46:47.963"></status>
</kw>
<status status="PASS" starttime="20190422 22:46:47.817" endtime="20190422 22:46:47.963"></status>
</kw>
<status status="PASS" starttime="20190422 22:46:47.739" endtime="20190422 22:46:47.963" critical="yes"></status>
</test>
<kw name="Close Browser" library="SeleniumLibrary" type="teardown">
<doc>Closes the current browser.</doc>
<status status="PASS" starttime="20190422 22:46:47.966" endtime="20190422 22:46:48.667"></status>
</kw>
<doc>A test suite containing tests related to invalid login.

These tests are data-driven by their nature. They use a single
keyword, specified with Test Template setting, that is called
with different arguments to cover different scenarios.

This suite also demonstrates using setups and teardowns in
different levels.</doc>
<status status="PASS" starttime="20190422 22:46:42.046" endtime="20190422 22:46:48.667"></status>
</suite>
<suite id="s1-s3" name="Valid Login" source="/Users/fniessink/workspace/quality-time/components/testdata/tmp/WebDemo/login_tests/valid_login.robot">
<test id="s1-s3-t1" name="Valid Login">
<kw name="Open Browser To Login Page" library="resource">
<kw name="Open Browser" library="SeleniumLibrary">
<doc>Opens a new browser instance to the given ``url``.</doc>
<arguments>
<arg>${LOGIN URL}</arg>
<arg>${BROWSER}</arg>
</arguments>
<msg timestamp="20190422 22:46:48.677" level="INFO">Opening browser 'Firefox' to base url 'http://localhost:7272/'.</msg>
<status status="PASS" starttime="20190422 22:46:48.677" endtime="20190422 22:46:52.779"></status>
</kw>
<kw name="Maximize Browser Window" library="SeleniumLibrary">
<doc>Maximizes current browser window.</doc>
<status status="PASS" starttime="20190422 22:46:52.780" endtime="20190422 22:46:53.258"></status>
</kw>
<kw name="Set Selenium Speed" library="SeleniumLibrary">
<doc>Sets the delay that is waited after each Selenium command.</doc>
<arguments>
<arg>${DELAY}</arg>
</arguments>
<status status="PASS" starttime="20190422 22:46:53.259" endtime="20190422 22:46:53.259"></status>
</kw>
<kw name="Login Page Should Be Open" library="resource">
<kw name="Title Should Be" library="SeleniumLibrary">
<doc>Verifies that current page title equals ``title``.</doc>
<arguments>
<arg>Login Page</arg>
</arguments>
<msg timestamp="20190422 22:46:53.266" level="INFO">Page title is 'Login Page'.</msg>
<status status="PASS" starttime="20190422 22:46:53.260" endtime="20190422 22:46:53.266"></status>
</kw>
<status status="PASS" starttime="20190422 22:46:53.260" endtime="20190422 22:46:53.266"></status>
</kw>
<status status="PASS" starttime="20190422 22:46:48.676" endtime="20190422 22:46:53.266"></status>
</kw>
<kw name="Input Username" library="resource">
<arguments>
<arg>demo2</arg>
</arguments>
<kw name="Input Text" library="SeleniumLibrary">
<doc>Types the given ``text`` into text field identified by ``locator``.</doc>
<arguments>
<arg>username_field</arg>
<arg>${username}</arg>
</arguments>
<msg timestamp="20190422 22:46:53.267" level="INFO">Typing text 'demo2' into text field 'username_field'.</msg>
<status status="PASS" starttime="20190422 22:46:53.267" endtime="20190422 22:46:53.304"></status>
</kw>
<status status="PASS" starttime="20190422 22:46:53.266" endtime="20190422 22:46:53.304"></status>
</kw>
<kw name="Input Password" library="resource">
<arguments>
<arg>mode</arg>
</arguments>
<kw name="Input Text" library="SeleniumLibrary">
<doc>Types the given ``text`` into text field identified by ``locator``.</doc>
<arguments>
<arg>password_field</arg>
<arg>${password}</arg>
</arguments>
<msg timestamp="20190422 22:46:53.306" level="INFO">Typing text 'mode' into text field 'password_field'.</msg>
<status status="PASS" starttime="20190422 22:46:53.305" endtime="20190422 22:46:53.341"></status>
</kw>
<status status="PASS" starttime="20190422 22:46:53.305" endtime="20190422 22:46:53.342"></status>
</kw>
<kw name="Submit Credentials" library="resource">
<kw name="Click Button" library="SeleniumLibrary">
<doc>Clicks button identified by ``locator``.</doc>
<arguments>
<arg>login_button</arg>
</arguments>
<msg timestamp="20190422 22:46:53.343" level="INFO">Clicking button 'login_button'.</msg>
<status status="PASS" starttime="20190422 22:46:53.342" endtime="20190422 22:46:53.429"></status>
</kw>
<status status="PASS" starttime="20190422 22:46:53.342" endtime="20190422 22:46:53.431"></status>
</kw>
<kw name="Welcome Page Should Be Open" library="resource">
<kw name="Location Should Be" library="SeleniumLibrary">
<doc>Verifies that current URL is exactly ``url``.</doc>
<arguments>
<arg>${WELCOME URL}</arg>
</arguments>
<kw name="Capture Page Screenshot" library="SeleniumLibrary">
<doc>Takes screenshot of the current page and embeds it into log file.</doc>
<msg timestamp="20190422 22:46:53.614" level="INFO" html="yes">&lt;/td&gt;&lt;/tr&gt;&lt;tr&gt;&lt;td colspan="3"&gt;&lt;a href="selenium-screenshot-1.png"&gt;&lt;img src="selenium-screenshot-1.png" width="800px"&gt;&lt;/a&gt;</msg>
<status status="PASS" starttime="20190422 22:46:53.446" endtime="20190422 22:46:53.614"></status>
</kw>
<msg timestamp="20190422 22:46:53.624" level="FAIL">Location should have been 'http://localhost:7272/welcome.html' but was 'http://localhost:7272/error.html'.</msg>
<status status="FAIL" starttime="20190422 22:46:53.433" endtime="20190422 22:46:53.624"></status>
</kw>
<status status="FAIL" starttime="20190422 22:46:53.432" endtime="20190422 22:46:53.624"></status>
</kw>
<kw name="Close Browser" library="SeleniumLibrary" type="teardown">
<doc>Closes the current browser.</doc>
<status status="PASS" starttime="20190422 22:46:53.625" endtime="20190422 22:46:54.190"></status>
</kw>
<status status="FAIL" starttime="20190422 22:46:48.675" endtime="20190422 22:46:54.190" critical="yes">Location should have been 'http://localhost:7272/welcome.html' but was 'http://localhost:7272/error.html'.</status>
</test>
<doc>A test suite with a single test for valid login.

This test has a workflow that is created using keywords in
the imported resource file.</doc>
<status status="FAIL" starttime="20190422 22:46:48.670" endtime="20190422 22:46:54.191"></status>
</suite>
<status status="FAIL" starttime="20190422 22:46:35.190" endtime="20190422 22:46:54.194"></status>
</suite>
<statistics>
<total>
<stat pass="7" fail="1">Critical Tests</stat>
<stat pass="7" fail="1">All Tests</stat>
</total>
<tag>
</tag>
<suite>
<stat pass="7" fail="1" id="s1" name="Login Tests">Login Tests</stat>
<stat pass="1" fail="0" id="s1-s1" name="Gherkin Login">Login Tests.Gherkin Login</stat>
<stat pass="6" fail="0" id="s1-s2" name="Invalid Login">Login Tests.Invalid Login</stat>
<stat pass="0" fail="1" id="s1-s3" name="Valid Login">Login Tests.Valid Login</stat>
</suite>
</statistics>
<errors>
</errors>
</robot>
